{"meta": {"format": 3, "version": "7.13.5", "timestamp": "2026-04-20T14:55:45.471789", "branch_coverage": false, "show_contexts": false}, "files": {"src/cronyclaw/__init__.py": {"executed_lines": [], "summary": {"covered_lines": 0, "num_statements": 0, "percent_covered": 100.0, "percent_covered_display": "100", "missing_lines": 0, "excluded_lines": 0, "percent_statements_covered": 100.0, "percent_statements_covered_display": "100"}, "missing_lines": [], "excluded_lines": [], "functions": {"": {"executed_lines": [], "summary": {"covered_lines": 0, "num_statements": 0, "percent_covered": 100.0, "percent_covered_display": "100", "missing_lines": 0, "excluded_lines": 0, "percent_statements_covered": 100.0, "percent_statements_covered_display": "100"}, "missing_lines": [], "excluded_lines": [], "start_line": 1}}, "classes": {"": {"executed_lines": [], "summary": {"covered_lines": 0, "num_statements": 0, "percent_covered": 100.0, "percent_covered_display": "100", "missing_lines": 0, "excluded_lines": 0, "percent_statements_covered": 100.0, "percent_statements_covered_display": "100"}, "missing_lines": [], "excluded_lines": [], "start_line": 1}}}, "src/cronyclaw/agent/__init__.py": {"executed_lines": [], "summary": {"covered_lines": 0, "num_statements": 0, "percent_covered": 100.0, "percent_covered_display": "100", "missing_lines": 0, "excluded_lines": 0, "percent_statements_covered": 100.0, "percent_statements_covered_display": "100"}, "missing_lines": [], "excluded_lines": [], "functions": {"": {"executed_lines": [], "summary": {"covered_lines": 0, "num_statements": 0, "percent_covered": 100.0, "percent_covered_display": "100", "missing_lines": 0, "excluded_lines": 0, "percent_statements_covered": 100.0, "percent_statements_covered_display": "100"}, "missing_lines": [], "excluded_lines": [], "start_line": 1}}, "classes": {"": {"executed_lines": [], "summary": {"covered_lines": 0, "num_statements": 0, "percent_covered": 100.0, "percent_covered_display": "100", "missing_lines": 0, "excluded_lines": 0, "percent_statements_covered": 100.0, "percent_statements_covered_display": "100"}, "missing_lines": [], "excluded_lines": [], "start_line": 1}}}, "src/cronyclaw/agent/agent_factory.py": {"executed_lines": [1, 2, 4, 5, 6, 7, 8, 10, 11, 12, 15, 16, 17, 37, 39, 41, 42, 44, 45, 48, 49, 53, 54, 59, 63, 66, 67, 68, 71, 88, 89, 91, 92, 93, 96, 97, 98, 99, 103, 110, 111, 112, 119, 120, 121, 132], "summary": {"covered_lines": 46, "num_statements": 46, "percent_covered": 100.0, "percent_covered_display": "100", "missing_lines": 0, "excluded_lines": 0, "percent_statements_covered": 100.0, "percent_statements_covered_display": "100"}, "missing_lines": [], "excluded_lines": [], "functions": {"AgentFactory.create_agent": {"executed_lines": [37, 39, 41, 42, 44, 45, 48, 49, 53, 54, 59, 63, 66, 67, 68, 71, 88, 89, 91, 92, 93, 96, 97, 98, 99, 103, 110, 111, 112, 119, 120, 121, 132], "summary": {"covered_lines": 33, "num_statements": 33, "percent_covered": 100.0, "percent_covered_display": "100", "missing_lines": 0, "excluded_lines": 0, "percent_statements_covered": 100.0, "percent_statements_covered_display": "100"}, "missing_lines": [], "excluded_lines": [], "start_line": 17}, "": {"executed_lines": [1, 2, 4, 5, 6, 7, 8, 10, 11, 12, 15, 16, 17], "summary": {"covered_lines": 13, "num_statements": 13, "percent_covered": 100.0, "percent_covered_display": "100", "missing_lines": 0, "excluded_lines": 0, "percent_statements_covered": 100.0, "percent_statements_covered_display": "100"}, "missing_lines": [], "excluded_lines": [], "start_line": 1}}, "classes": {"AgentFactory": {"executed_lines": [37, 39, 41, 42, 44, 45, 48, 49, 53, 54, 59, 63, 66, 67, 68, 71, 88, 89, 91, 92, 93, 96, 97, 98, 99, 103, 110, 111, 112, 119, 120, 121, 132], "summary": {"covered_lines": 33, "num_statements": 33, "percent_covered": 100.0, "percent_covered_display": "100", "missing_lines": 0, "excluded_lines": 0, "percent_statements_covered": 100.0, "percent_statements_covered_display": "100"}, "missing_lines": [], "excluded_lines": [], "start_line": 15}, "": {"executed_lines": [1, 2, 4, 5, 6, 7, 8, 10, 11, 12, 15, 16, 17], "summary": {"covered_lines": 13, "num_statements": 13, "percent_covered": 100.0, "percent_covered_display": "100", "missing_lines": 0, "excluded_lines": 0, "percent_statements_covered": 100.0, "percent_statements_covered_display": "100"}, "missing_lines": [], "excluded_lines": [], "start_line": 1}}}, "src/cronyclaw/agent/agents/__init__.py": {"executed_lines": [], "summary": {"covered_lines": 0, "num_statements": 0, "percent_covered": 100.0, "percent_covered_display": "100", "missing_lines": 0, "excluded_lines": 0, "percent_statements_covered": 100.0, "percent_statements_covered_display": "100"}, "missing_lines": [], "excluded_lines": [], "functions": {"": {"executed_lines": [], "summary": {"covered_lines": 0, "num_statements": 0, "percent_covered": 100.0, "percent_covered_display": "100", "missing_lines": 0, "excluded_lines": 0, "percent_statements_covered": 100.0, "percent_statements_covered_display": "100"}, "missing_lines": [], "excluded_lines": [], "start_line": 1}}, "classes": {"": {"executed_lines": [], "summary": {"covered_lines": 0, "num_statements": 0, "percent_covered": 100.0, "percent_covered_display": "100", "missing_lines": 0, "excluded_lines": 0, "percent_statements_covered": 100.0, "percent_statements_covered_display": "100"}, "missing_lines": [], "excluded_lines": [], "start_line": 1}}}, "src/cronyclaw/agent/agents/agent_interface.py": {"executed_lines": [1, 2, 3, 5, 6, 9, 12, 13, 31, 32, 45, 46], "summary": {"covered_lines": 12, "num_statements": 17, "percent_covered": 70.58823529411765, "percent_covered_display": "71", "missing_lines": 5, "excluded_lines": 0, "percent_statements_covered": 70.58823529411765, "percent_statements_covered_display": "71"}, "missing_lines": [28, 29, 39, 43, 54], "excluded_lines": [], "functions": {"AgentInterface.chat": {"executed_lines": [], "summary": {"covered_lines": 0, "num_statements": 2, "percent_covered": 0.0, "percent_covered_display": "0", "missing_lines": 2, "excluded_lines": 0, "percent_statements_covered": 0.0, "percent_statements_covered_display": "0"}, "missing_lines": [28, 29], "excluded_lines": [], "start_line": 13}, "AgentInterface.handle_interrupt": {"executed_lines": [], "summary": {"covered_lines": 0, "num_statements": 2, "percent_covered": 0.0, "percent_covered_display": "0", "missing_lines": 2, "excluded_lines": 0, "percent_statements_covered": 0.0, "percent_statements_covered_display": "0"}, "missing_lines": [39, 43], "excluded_lines": [], "start_line": 32}, "AgentInterface.set_memory_from_history": {"executed_lines": [], "summary": {"covered_lines": 0, "num_statements": 1, "percent_covered": 0.0, "percent_covered_display": "0", "missing_lines": 1, "excluded_lines": 0, "percent_statements_covered": 0.0, "percent_statements_covered_display": "0"}, "missing_lines": [54], "excluded_lines": [], "start_line": 46}, "": {"executed_lines": [1, 2, 3, 5, 6, 9, 12, 13, 31, 32, 45, 46], "summary": {"covered_lines": 12, "num_statements": 12, "percent_covered": 100.0, "percent_covered_display": "100", "missing_lines": 0, "excluded_lines": 0, "percent_statements_covered": 100.0, "percent_statements_covered_display": "100"}, "missing_lines": [], "excluded_lines": [], "start_line": 1}}, "classes": {"AgentInterface": {"executed_lines": [], "summary": {"covered_lines": 0, "num_statements": 5, "percent_covered": 0.0, "percent_covered_display": "0", "missing_lines": 5, "excluded_lines": 0, "percent_statements_covered": 0.0, "percent_statements_covered_display": "0"}, "missing_lines": [28, 29, 39, 43, 54], "excluded_lines": [], "start_line": 9}, "": {"executed_lines": [1, 2, 3, 5, 6, 9, 12, 13, 31, 32, 45, 46], "summary": {"covered_lines": 12, "num_statements": 12, "percent_covered": 100.0, "percent_covered_display": "100", "missing_lines": 0, "excluded_lines": 0, "percent_statements_covered": 100.0, "percent_statements_covered_display": "100"}, "missing_lines": [], "excluded_lines": [], "start_line": 1}}}, "src/cronyclaw/agent/agents/basic_memory_agent.py": {"executed_lines": [1, 11, 12, 13, 14, 15, 16, 17, 18, 19, 25, 26, 27, 28, 29, 30, 31, 34, 37, 39, 55, 56, 57, 58, 59, 60, 61, 62, 63, 64, 65, 67, 68, 69, 70, 71, 72, 73, 74, 78, 79, 80, 91, 95, 96, 98, 108, 115, 119, 121, 123, 124, 126, 128, 130, 131, 133, 135, 143, 144, 146, 147, 148, 149, 150, 151, 152, 153, 160, 163, 168, 169, 170, 171, 172, 174, 179, 181, 183, 185, 187, 188, 189, 190, 191, 192, 200, 202, 204, 205, 207, 209, 210, 211, 215, 216, 223, 224, 230, 232, 234, 236, 237, 238, 239, 240, 244, 247, 249, 250, 251, 252, 253, 254, 255, 256, 258, 265, 266, 267, 268, 269, 272, 273, 279, 284, 285, 287, 289, 290, 291, 292, 293, 294, 295, 298, 308, 309, 311, 334, 335, 336, 338, 339, 342, 343, 349, 351, 461, 637, 642, 643, 644, 645, 650, 654, 655, 656, 657, 658, 660, 661, 662, 663, 665, 685, 694, 704, 705, 709, 710, 711, 712, 714, 715, 718, 719, 720, 721, 722, 724, 726, 735, 737, 739], "summary": {"covered_lines": 185, "num_statements": 417, "percent_covered": 44.36450839328537, "percent_covered_display": "44", "missing_lines": 232, "excluded_lines": 0, "percent_statements_covered": 44.36450839328537, "percent_statements_covered_display": "44"}, "missing_lines": [81, 84, 87, 105, 155, 158, 161, 199, 213, 245, 259, 260, 261, 262, 263, 270, 280, 299, 304, 312, 313, 314, 317, 323, 325, 329, 330, 340, 347, 357, 358, 359, 360, 362, 363, 364, 365, 367, 368, 369, 370, 371, 372, 376, 380, 381, 382, 383, 386, 387, 395, 396, 397, 398, 399, 400, 402, 403, 412, 413, 416, 423, 424, 426, 427, 428, 431, 432, 434, 438, 439, 440, 441, 442, 443, 445, 446, 447, 451, 452, 455, 457, 458, 459, 467, 468, 469, 470, 472, 473, 474, 477, 479, 482, 484, 487, 488, 489, 490, 491, 493, 494, 495, 496, 497, 498, 499, 500, 501, 502, 503, 504, 506, 507, 508, 509, 510, 511, 512, 513, 514, 515, 517, 518, 519, 520, 523, 524, 539, 540, 541, 544, 545, 546, 547, 548, 549, 550, 551, 552, 554, 555, 556, 558, 561, 562, 563, 564, 567, 568, 570, 574, 575, 576, 577, 578, 579, 581, 582, 583, 587, 588, 592, 593, 596, 598, 599, 600, 601, 603, 604, 605, 608, 609, 611, 615, 616, 617, 618, 619, 620, 622, 623, 624, 628, 629, 630, 633, 634, 635, 666, 667, 668, 669, 670, 671, 672, 673, 674, 676, 680, 681, 686, 689, 692, 693, 695, 698, 701, 702, 713, 717, 731, 732, 733, 743, 744, 745, 747, 748, 750, 751, 752, 754, 755, 758, 759, 760, 761, 762, 763, 764], "excluded_lines": [], "functions": {"BasicMemoryAgent.__init__": {"executed_lines": [55, 56, 57, 58, 59, 60, 61, 62, 63, 64, 65, 67, 68, 69, 70, 71, 72, 73, 74, 78, 79, 80, 91, 95, 96, 98, 108, 115, 119], "summary": {"covered_lines": 29, "num_statements": 33, "percent_covered": 87.87878787878788, "percent_covered_display": "88", "missing_lines": 4, "excluded_lines": 0, "percent_statements_covered": 87.87878787878788, "percent_statements_covered_display": "88"}, "missing_lines": [81, 84, 87, 105], "excluded_lines": [], "start_line": 39}, "BasicMemoryAgent._set_llm": {"executed_lines": [123, 124], "summary": {"covered_lines": 2, "num_statements": 2, "percent_covered": 100.0, "percent_covered_display": "100", "missing_lines": 0, "excluded_lines": 0, "percent_statements_covered": 100.0, "percent_statements_covered_display": "100"}, "missing_lines": [], "excluded_lines": [], "start_line": 121}, "BasicMemoryAgent.set_system": {"executed_lines": [128, 130, 131, 133], "summary": {"covered_lines": 4, "num_statements": 4, "percent_covered": 100.0, "percent_covered_display": "100", "missing_lines": 0, "excluded_lines": 0, "percent_statements_covered": 100.0, "percent_statements_covered_display": "100"}, "missing_lines": [], "excluded_lines": [], "start_line": 126}, "BasicMemoryAgent._add_message": {"executed_lines": [143, 144, 146, 147, 148, 149, 150, 151, 152, 153, 160, 163, 168, 169, 170, 171, 172, 174, 179, 181], "summary": {"covered_lines": 20, "num_statements": 23, "percent_covered": 86.95652173913044, "percent_covered_display": "87", "missing_lines": 3, "excluded_lines": 0, "percent_statements_covered": 86.95652173913044, "percent_statements_covered_display": "87"}, "missing_lines": [155, 158, 161], "excluded_lines": [], "start_line": 135}, "BasicMemoryAgent.set_memory_from_history": {"executed_lines": [185, 187, 188, 189, 190, 191, 192, 200], "summary": {"covered_lines": 8, "num_statements": 9, "percent_covered": 88.88888888888889, "percent_covered_display": "89", "missing_lines": 1, "excluded_lines": 0, "percent_statements_covered": 88.88888888888889, "percent_statements_covered_display": "89"}, "missing_lines": [199], "excluded_lines": [], "start_line": 183}, "BasicMemoryAgent.handle_interrupt": {"executed_lines": [204, 205, 207, 209, 210, 211, 215, 216, 223, 224, 230], "summary": {"covered_lines": 11, "num_statements": 12, "percent_covered": 91.66666666666667, "percent_covered_display": "92", "missing_lines": 1, "excluded_lines": 0, "percent_statements_covered": 91.66666666666667, "percent_statements_covered_display": "92"}, "missing_lines": [213], "excluded_lines": [], "start_line": 202}, "BasicMemoryAgent._to_text_prompt": {"executed_lines": [234, 236, 237, 238, 239, 240, 244, 247], "summary": {"covered_lines": 8, "num_statements": 9, "percent_covered": 88.88888888888889, "percent_covered_display": "89", "missing_lines": 1, "excluded_lines": 0, "percent_statements_covered": 88.88888888888889, "percent_statements_covered_display": "89"}, "missing_lines": [245], "excluded_lines": [], "start_line": 232}, "BasicMemoryAgent._parse_openclaw_command": {"executed_lines": [250, 251, 252, 253, 254, 255, 256], "summary": {"covered_lines": 7, "num_statements": 7, "percent_covered": 100.0, "percent_covered_display": "100", "missing_lines": 0, "excluded_lines": 0, "percent_statements_covered": 100.0, "percent_statements_covered_display": "100"}, "missing_lines": [], "excluded_lines": [], "start_line": 249}, "BasicMemoryAgent._load_openclaw_skill_prompt": {"executed_lines": [], "summary": {"covered_lines": 0, "num_statements": 5, "percent_covered": 0.0, "percent_covered_display": "0", "missing_lines": 5, "excluded_lines": 0, "percent_statements_covered": 0.0, "percent_statements_covered_display": "0"}, "missing_lines": [259, 260, 261, 262, 263], "excluded_lines": [], "start_line": 258}, "BasicMemoryAgent._build_runtime_system_prompt": {"executed_lines": [266, 267, 268, 269, 272, 273, 279, 284, 285], "summary": {"covered_lines": 9, "num_statements": 11, "percent_covered": 81.81818181818181, "percent_covered_display": "82", "missing_lines": 2, "excluded_lines": 0, "percent_statements_covered": 81.81818181818181, "percent_statements_covered_display": "82"}, "missing_lines": [270, 280], "excluded_lines": [], "start_line": 265}, "BasicMemoryAgent._to_messages": {"executed_lines": [289, 290, 291, 292, 293, 294, 295, 298, 308, 309, 311, 334, 335, 336, 338, 339, 342, 343, 349], "summary": {"covered_lines": 19, "num_statements": 31, "percent_covered": 61.29032258064516, "percent_covered_display": "61", "missing_lines": 12, "excluded_lines": 0, "percent_statements_covered": 61.29032258064516, "percent_statements_covered_display": "61"}, "missing_lines": [299, 304, 312, 313, 314, 317, 323, 325, 329, 330, 340, 347], "excluded_lines": [], "start_line": 287}, "BasicMemoryAgent._claude_tool_interaction_loop": {"executed_lines": [], "summary": {"covered_lines": 0, "num_statements": 55, "percent_covered": 0.0, "percent_covered_display": "0", "missing_lines": 55, "excluded_lines": 0, "percent_statements_covered": 0.0, "percent_statements_covered_display": "0"}, "missing_lines": [357, 358, 359, 360, 362, 363, 364, 365, 367, 368, 369, 370, 371, 372, 376, 380, 381, 382, 383, 386, 387, 395, 396, 397, 398, 399, 400, 402, 403, 412, 413, 416, 423, 424, 426, 427, 428, 431, 432, 434, 438, 439, 440, 441, 442, 443, 445, 446, 447, 451, 452, 455, 457, 458, 459], "excluded_lines": [], "start_line": 351}, "BasicMemoryAgent._openai_tool_interaction_loop": {"executed_lines": [], "summary": {"covered_lines": 0, "num_statements": 106, "percent_covered": 0.0, "percent_covered_display": "0", "missing_lines": 106, "excluded_lines": 0, "percent_statements_covered": 0.0, "percent_statements_covered_display": "0"}, "missing_lines": [467, 468, 469, 470, 472, 473, 474, 477, 479, 482, 484, 487, 488, 489, 490, 491, 493, 494, 495, 496, 497, 498, 499, 500, 501, 502, 503, 504, 506, 507, 508, 509, 510, 511, 512, 513, 514, 515, 517, 518, 519, 520, 523, 524, 539, 540, 541, 544, 545, 546, 547, 548, 549, 550, 551, 552, 554, 555, 556, 558, 561, 562, 563, 564, 567, 568, 570, 574, 575, 576, 577, 578, 579, 581, 582, 583, 587, 588, 592, 593, 596, 598, 599, 600, 601, 603, 604, 605, 608, 609, 611, 615, 616, 617, 618, 619, 620, 622, 623, 624, 628, 629, 630, 633, 634, 635], "excluded_lines": [], "start_line": 461}, "BasicMemoryAgent._chat_function_factory": {"executed_lines": [642, 643, 644, 645, 650, 724], "summary": {"covered_lines": 6, "num_statements": 6, "percent_covered": 100.0, "percent_covered_display": "100", "missing_lines": 0, "excluded_lines": 0, "percent_statements_covered": 100.0, "percent_statements_covered_display": "100"}, "missing_lines": [], "excluded_lines": [], "start_line": 637}, "BasicMemoryAgent._chat_function_factory.chat_with_memory": {"executed_lines": [654, 655, 656, 657, 658, 660, 661, 662, 663, 665, 685, 694, 704, 705, 709, 710, 711, 712, 714, 715, 718, 719, 720, 721, 722], "summary": {"covered_lines": 25, "num_statements": 47, "percent_covered": 53.191489361702125, "percent_covered_display": "53", "missing_lines": 22, "excluded_lines": 0, "percent_statements_covered": 53.191489361702125, "percent_statements_covered_display": "53"}, "missing_lines": [666, 667, 668, 669, 670, 671, 672, 673, 674, 676, 680, 681, 686, 689, 692, 693, 695, 698, 701, 702, 713, 717], "excluded_lines": [], "start_line": 650}, "BasicMemoryAgent.chat": {"executed_lines": [], "summary": {"covered_lines": 0, "num_statements": 3, "percent_covered": 0.0, "percent_covered_display": "0", "missing_lines": 3, "excluded_lines": 0, "percent_statements_covered": 0.0, "percent_statements_covered_display": "0"}, "missing_lines": [731, 732, 733], "excluded_lines": [], "start_line": 726}, "BasicMemoryAgent.reset_interrupt": {"executed_lines": [737], "summary": {"covered_lines": 1, "num_statements": 1, "percent_covered": 100.0, "percent_covered_display": "100", "missing_lines": 0, "excluded_lines": 0, "percent_statements_covered": 100.0, "percent_statements_covered_display": "100"}, "missing_lines": [], "excluded_lines": [], "start_line": 735}, "BasicMemoryAgent.start_group_conversation": {"executed_lines": [], "summary": {"covered_lines": 0, "num_statements": 17, "percent_covered": 0.0, "percent_covered_display": "0", "missing_lines": 17, "excluded_lines": 0, "percent_statements_covered": 0.0, "percent_statements_covered_display": "0"}, "missing_lines": [743, 744, 745, 747, 748, 750, 751, 752, 754, 755, 758, 759, 760, 761, 762, 763, 764], "excluded_lines": [], "start_line": 739}, "": {"executed_lines": [1, 11, 12, 13, 14, 15, 16, 17, 18, 19, 25, 26, 27, 28, 29, 30, 31, 34, 37, 39, 121, 126, 135, 183, 202, 232, 249, 258, 265, 287, 351, 461, 637, 726, 735, 739], "summary": {"covered_lines": 36, "num_statements": 36, "percent_covered": 100.0, "percent_covered_display": "100", "missing_lines": 0, "excluded_lines": 0, "percent_statements_covered": 100.0, "percent_statements_covered_display": "100"}, "missing_lines": [], "excluded_lines": [], "start_line": 1}}, "classes": {"BasicMemoryAgent": {"executed_lines": [55, 56, 57, 58, 59, 60, 61, 62, 63, 64, 65, 67, 68, 69, 70, 71, 72, 73, 74, 78, 79, 80, 91, 95, 96, 98, 108, 115, 119, 123, 124, 128, 130, 131, 133, 143, 144, 146, 147, 148, 149, 150, 151, 152, 153, 160, 163, 168, 169, 170, 171, 172, 174, 179, 181, 185, 187, 188, 189, 190, 191, 192, 200, 204, 205, 207, 209, 210, 211, 215, 216, 223, 224, 230, 234, 236, 237, 238, 239, 240, 244, 247, 250, 251, 252, 253, 254, 255, 256, 266, 267, 268, 269, 272, 273, 279, 284, 285, 289, 290, 291, 292, 293, 294, 295, 298, 308, 309, 311, 334, 335, 336, 338, 339, 342, 343, 349, 642, 643, 644, 645, 650, 654, 655, 656, 657, 658, 660, 661, 662, 663, 665, 685, 694, 704, 705, 709, 710, 711, 712, 714, 715, 718, 719, 720, 721, 722, 724, 737], "summary": {"covered_lines": 149, "num_statements": 381, "percent_covered": 39.10761154855643, "percent_covered_display": "39", "missing_lines": 232, "excluded_lines": 0, "percent_statements_covered": 39.10761154855643, "percent_statements_covered_display": "39"}, "missing_lines": [81, 84, 87, 105, 155, 158, 161, 199, 213, 245, 259, 260, 261, 262, 263, 270, 280, 299, 304, 312, 313, 314, 317, 323, 325, 329, 330, 340, 347, 357, 358, 359, 360, 362, 363, 364, 365, 367, 368, 369, 370, 371, 372, 376, 380, 381, 382, 383, 386, 387, 395, 396, 397, 398, 399, 400, 402, 403, 412, 413, 416, 423, 424, 426, 427, 428, 431, 432, 434, 438, 439, 440, 441, 442, 443, 445, 446, 447, 451, 452, 455, 457, 458, 459, 467, 468, 469, 470, 472, 473, 474, 477, 479, 482, 484, 487, 488, 489, 490, 491, 493, 494, 495, 496, 497, 498, 499, 500, 501, 502, 503, 504, 506, 507, 508, 509, 510, 511, 512, 513, 514, 515, 517, 518, 519, 520, 523, 524, 539, 540, 541, 544, 545, 546, 547, 548, 549, 550, 551, 552, 554, 555, 556, 558, 561, 562, 563, 564, 567, 568, 570, 574, 575, 576, 577, 578, 579, 581, 582, 583, 587, 588, 592, 593, 596, 598, 599, 600, 601, 603, 604, 605, 608, 609, 611, 615, 616, 617, 618, 619, 620, 622, 623, 624, 628, 629, 630, 633, 634, 635, 666, 667, 668, 669, 670, 671, 672, 673, 674, 676, 680, 681, 686, 689, 692, 693, 695, 698, 701, 702, 713, 717, 731, 732, 733, 743, 744, 745, 747, 748, 750, 751, 752, 754, 755, 758, 759, 760, 761, 762, 763, 764], "excluded_lines": [], "start_line": 34}, "": {"executed_lines": [1, 11, 12, 13, 14, 15, 16, 17, 18, 19, 25, 26, 27, 28, 29, 30, 31, 34, 37, 39, 121, 126, 135, 183, 202, 232, 249, 258, 265, 287, 351, 461, 637, 726, 735, 739], "summary": {"covered_lines": 36, "num_statements": 36, "percent_covered": 100.0, "percent_covered_display": "100", "missing_lines": 0, "excluded_lines": 0, "percent_statements_covered": 100.0, "percent_statements_covered_display": "100"}, "missing_lines": [], "excluded_lines": [], "start_line": 1}}}, "src/cronyclaw/agent/agents/hume_ai.py": {"executed_lines": [1, 2, 3, 4, 5, 6, 7, 9, 10, 11, 12, 15, 21, 23, 39, 40, 41, 42, 43, 44, 45, 46, 47, 48, 49, 50, 53, 54, 56, 103, 117, 122, 130, 131, 133, 135, 136, 137, 141, 142, 144, 145, 146, 147, 153, 154, 155, 157, 239, 241, 243, 245, 248, 249, 252, 253], "summary": {"covered_lines": 56, "num_statements": 140, "percent_covered": 40.0, "percent_covered_display": "40", "missing_lines": 84, "excluded_lines": 0, "percent_statements_covered": 40.0, "percent_statements_covered_display": "40"}, "missing_lines": [63, 64, 65, 66, 69, 71, 72, 74, 75, 76, 77, 79, 81, 82, 84, 85, 86, 87, 89, 90, 96, 97, 101, 105, 106, 108, 109, 110, 111, 112, 113, 115, 119, 120, 149, 150, 167, 168, 169, 172, 175, 176, 180, 184, 186, 187, 188, 189, 190, 191, 192, 194, 195, 196, 198, 199, 200, 201, 203, 204, 205, 208, 215, 216, 218, 219, 221, 222, 224, 225, 226, 228, 229, 230, 231, 232, 233, 235, 236, 237, 246, 254, 255, 256], "excluded_lines": [], "functions": {"HumeAIAgent.__init__": {"executed_lines": [39, 40, 41, 42, 43, 44, 45, 46, 47, 48, 49, 50, 53, 54], "summary": {"covered_lines": 14, "num_statements": 14, "percent_covered": 100.0, "percent_covered_display": "100", "missing_lines": 0, "excluded_lines": 0, "percent_statements_covered": 100.0, "percent_statements_covered_display": "100"}, "missing_lines": [], "excluded_lines": [], "start_line": 23}, "HumeAIAgent.connect": {"executed_lines": [], "summary": {"covered_lines": 0, "num_statements": 23, "percent_covered": 0.0, "percent_covered_display": "0", "missing_lines": 23, "excluded_lines": 0, "percent_statements_covered": 0.0, "percent_statements_covered_display": "0"}, "missing_lines": [63, 64, 65, 66, 69, 71, 72, 74, 75, 76, 77, 79, 81, 82, 84, 85, 86, 87, 89, 90, 96, 97, 101], "excluded_lines": [], "start_line": 56}, "HumeAIAgent._reset_idle_timer": {"executed_lines": [], "summary": {"covered_lines": 0, "num_statements": 4, "percent_covered": 0.0, "percent_covered_display": "0", "missing_lines": 4, "excluded_lines": 0, "percent_statements_covered": 0.0, "percent_statements_covered_display": "0"}, "missing_lines": [105, 106, 108, 115], "excluded_lines": [], "start_line": 103}, "HumeAIAgent._reset_idle_timer.disconnect_after_timeout": {"executed_lines": [], "summary": {"covered_lines": 0, "num_statements": 5, "percent_covered": 0.0, "percent_covered_display": "0", "missing_lines": 5, "excluded_lines": 0, "percent_statements_covered": 0.0, "percent_statements_covered_display": "0"}, "missing_lines": [109, 110, 111, 112, 113], "excluded_lines": [], "start_line": 108}, "HumeAIAgent._ensure_connection": {"executed_lines": [], "summary": {"covered_lines": 0, "num_statements": 2, "percent_covered": 0.0, "percent_covered_display": "0", "missing_lines": 2, "excluded_lines": 0, "percent_statements_covered": 0.0, "percent_statements_covered_display": "0"}, "missing_lines": [119, 120], "excluded_lines": [], "start_line": 117}, "HumeAIAgent.set_memory_from_history": {"executed_lines": [130, 131, 133, 135, 136, 137, 141, 142, 144, 145, 146, 147, 153, 154, 155], "summary": {"covered_lines": 15, "num_statements": 17, "percent_covered": 88.23529411764706, "percent_covered_display": "88", "missing_lines": 2, "excluded_lines": 0, "percent_statements_covered": 88.23529411764706, "percent_statements_covered_display": "88"}, "missing_lines": [149, 150], "excluded_lines": [], "start_line": 122}, "HumeAIAgent.chat": {"executed_lines": [], "summary": {"covered_lines": 0, "num_statements": 44, "percent_covered": 0.0, "percent_covered_display": "0", "missing_lines": 44, "excluded_lines": 0, "percent_statements_covered": 0.0, "percent_statements_covered_display": "0"}, "missing_lines": [167, 168, 169, 172, 175, 176, 180, 184, 186, 187, 188, 189, 190, 191, 192, 194, 195, 196, 198, 199, 200, 201, 203, 204, 205, 208, 215, 216, 218, 219, 221, 222, 224, 225, 226, 228, 229, 230, 231, 232, 233, 235, 236, 237], "excluded_lines": [], "start_line": 157}, "HumeAIAgent.handle_interrupt": {"executed_lines": [241], "summary": {"covered_lines": 1, "num_statements": 1, "percent_covered": 100.0, "percent_covered_display": "100", "missing_lines": 0, "excluded_lines": 0, "percent_statements_covered": 100.0, "percent_statements_covered_display": "100"}, "missing_lines": [], "excluded_lines": [], "start_line": 239}, "HumeAIAgent.__del__": {"executed_lines": [245, 248, 249, 252, 253], "summary": {"covered_lines": 5, "num_statements": 9, "percent_covered": 55.55555555555556, "percent_covered_display": "56", "missing_lines": 4, "excluded_lines": 0, "percent_statements_covered": 55.55555555555556, "percent_statements_covered_display": "56"}, "missing_lines": [246, 254, 255, 256], "excluded_lines": [], "start_line": 243}, "": {"executed_lines": [1, 2, 3, 4, 5, 6, 7, 9, 10, 11, 12, 15, 21, 23, 56, 103, 117, 122, 157, 239, 243], "summary": {"covered_lines": 21, "num_statements": 21, "percent_covered": 100.0, "percent_covered_display": "100", "missing_lines": 0, "excluded_lines": 0, "percent_statements_covered": 100.0, "percent_statements_covered_display": "100"}, "missing_lines": [], "excluded_lines": [], "start_line": 1}}, "classes": {"HumeAIAgent": {"executed_lines": [39, 40, 41, 42, 43, 44, 45, 46, 47, 48, 49, 50, 53, 54, 130, 131, 133, 135, 136, 137, 141, 142, 144, 145, 146, 147, 153, 154, 155, 241, 245, 248, 249, 252, 253], "summary": {"covered_lines": 35, "num_statements": 119, "percent_covered": 29.41176470588235, "percent_covered_display": "29", "missing_lines": 84, "excluded_lines": 0, "percent_statements_covered": 29.41176470588235, "percent_statements_covered_display": "29"}, "missing_lines": [63, 64, 65, 66, 69, 71, 72, 74, 75, 76, 77, 79, 81, 82, 84, 85, 86, 87, 89, 90, 96, 97, 101, 105, 106, 108, 109, 110, 111, 112, 113, 115, 119, 120, 149, 150, 167, 168, 169, 172, 175, 176, 180, 184, 186, 187, 188, 189, 190, 191, 192, 194, 195, 196, 198, 199, 200, 201, 203, 204, 205, 208, 215, 216, 218, 219, 221, 222, 224, 225, 226, 228, 229, 230, 231, 232, 233, 235, 236, 237, 246, 254, 255, 256], "excluded_lines": [], "start_line": 15}, "": {"executed_lines": [1, 2, 3, 4, 5, 6, 7, 9, 10, 11, 12, 15, 21, 23, 56, 103, 117, 122, 157, 239, 243], "summary": {"covered_lines": 21, "num_statements": 21, "percent_covered": 100.0, "percent_covered_display": "100", "missing_lines": 0, "excluded_lines": 0, "percent_statements_covered": 100.0, "percent_statements_covered_display": "100"}, "missing_lines": [], "excluded_lines": [], "start_line": 1}}}, "src/cronyclaw/agent/agents/letta_agent.py": {"executed_lines": [1, 2, 3, 4, 10, 11, 12, 15, 20, 30, 31, 32, 33, 35, 36, 37, 38, 41, 53, 55, 57, 58, 60, 64, 91, 101, 104, 105, 106, 107, 108, 110, 112, 116, 118, 119, 120, 121, 122, 124, 126, 128], "summary": {"covered_lines": 42, "num_statements": 56, "percent_covered": 75.0, "percent_covered_display": "75", "missing_lines": 14, "excluded_lines": 0, "percent_statements_covered": 75.0, "percent_statements_covered_display": "75"}, "missing_lines": [61, 62, 65, 66, 74, 75, 76, 78, 79, 80, 84, 86, 88, 89], "excluded_lines": [], "functions": {"LettaAgent.__init__": {"executed_lines": [30, 31, 32, 33, 35, 36, 37, 38, 41], "summary": {"covered_lines": 9, "num_statements": 9, "percent_covered": 100.0, "percent_covered_display": "100", "missing_lines": 0, "excluded_lines": 0, "percent_statements_covered": 100.0, "percent_statements_covered_display": "100"}, "missing_lines": [], "excluded_lines": [], "start_line": 20}, "LettaAgent.set_memory_from_history": {"executed_lines": [55], "summary": {"covered_lines": 1, "num_statements": 1, "percent_covered": 100.0, "percent_covered_display": "100", "missing_lines": 0, "excluded_lines": 0, "percent_statements_covered": 100.0, "percent_statements_covered_display": "100"}, "missing_lines": [], "excluded_lines": [], "start_line": 53}, "LettaAgent.handle_interrupt": {"executed_lines": [58], "summary": {"covered_lines": 1, "num_statements": 1, "percent_covered": 100.0, "percent_covered_display": "100", "missing_lines": 0, "excluded_lines": 0, "percent_statements_covered": 100.0, "percent_statements_covered_display": "100"}, "missing_lines": [], "excluded_lines": [], "start_line": 57}, "LettaAgent.generator_to_async": {"executed_lines": [], "summary": {"covered_lines": 0, "num_statements": 2, "percent_covered": 0.0, "percent_covered_display": "0", "missing_lines": 2, "excluded_lines": 0, "percent_statements_covered": 0.0, "percent_statements_covered_display": "0"}, "missing_lines": [61, 62], "excluded_lines": [], "start_line": 60}, "LettaAgent.chat": {"executed_lines": [], "summary": {"covered_lines": 0, "num_statements": 12, "percent_covered": 0.0, "percent_covered_display": "0", "missing_lines": 12, "excluded_lines": 0, "percent_statements_covered": 0.0, "percent_statements_covered_display": "0"}, "missing_lines": [65, 66, 74, 75, 76, 78, 79, 80, 84, 86, 88, 89], "excluded_lines": [], "start_line": 64}, "LettaAgent._to_text_prompt": {"executed_lines": [101, 104, 105, 106, 107, 108, 110], "summary": {"covered_lines": 7, "num_statements": 7, "percent_covered": 100.0, "percent_covered_display": "100", "missing_lines": 0, "excluded_lines": 0, "percent_statements_covered": 100.0, "percent_statements_covered_display": "100"}, "missing_lines": [], "excluded_lines": [], "start_line": 91}, "LettaAgent._to_messages": {"executed_lines": [116, 118, 119, 120, 121, 122, 124, 126, 128], "summary": {"covered_lines": 9, "num_statements": 9, "percent_covered": 100.0, "percent_covered_display": "100", "missing_lines": 0, "excluded_lines": 0, "percent_statements_covered": 100.0, "percent_statements_covered_display": "100"}, "missing_lines": [], "excluded_lines": [], "start_line": 112}, "": {"executed_lines": [1, 2, 3, 4, 10, 11, 12, 15, 20, 53, 57, 60, 64, 91, 112], "summary": {"covered_lines": 15, "num_statements": 15, "percent_covered": 100.0, "percent_covered_display": "100", "missing_lines": 0, "excluded_lines": 0, "percent_statements_covered": 100.0, "percent_statements_covered_display": "100"}, "missing_lines": [], "excluded_lines": [], "start_line": 1}}, "classes": {"LettaAgent": {"executed_lines": [30, 31, 32, 33, 35, 36, 37, 38, 41, 55, 58, 101, 104, 105, 106, 107, 108, 110, 116, 118, 119, 120, 121, 122, 124, 126, 128], "summary": {"covered_lines": 27, "num_statements": 41, "percent_covered": 65.85365853658537, "percent_covered_display": "66", "missing_lines": 14, "excluded_lines": 0, "percent_statements_covered": 65.85365853658537, "percent_statements_covered_display": "66"}, "missing_lines": [61, 62, 65, 66, 74, 75, 76, 78, 79, 80, 84, 86, 88, 89], "excluded_lines": [], "start_line": 15}, "": {"executed_lines": [1, 2, 3, 4, 10, 11, 12, 15, 20, 53, 57, 60, 64, 91, 112], "summary": {"covered_lines": 15, "num_statements": 15, "percent_covered": 100.0, "percent_covered_display": "100", "missing_lines": 0, "excluded_lines": 0, "percent_statements_covered": 100.0, "percent_statements_covered_display": "100"}, "missing_lines": [], "excluded_lines": [], "start_line": 1}}}, "src/cronyclaw/agent/agents/prompt_loader.py": {"executed_lines": [1, 2, 3, 5, 7, 8, 9, 12, 26, 27, 29, 31, 32, 33, 34, 35, 36, 37, 38, 39, 40, 41, 43, 44, 45, 48, 49, 51, 54, 56, 57, 58, 59, 60, 61, 64, 66, 67, 68, 69, 70, 71], "summary": {"covered_lines": 42, "num_statements": 44, "percent_covered": 95.45454545454545, "percent_covered_display": "95", "missing_lines": 2, "excluded_lines": 0, "percent_statements_covered": 95.45454545454545, "percent_statements_covered_display": "95"}, "missing_lines": [46, 47], "excluded_lines": [], "functions": {"_load_file_content": {"executed_lines": [26, 27, 29, 31, 32, 33, 34, 35, 36, 37, 38, 39, 40, 41, 43, 44, 45, 48, 49, 51], "summary": {"covered_lines": 20, "num_statements": 22, "percent_covered": 90.9090909090909, "percent_covered_display": "91", "missing_lines": 2, "excluded_lines": 0, "percent_statements_covered": 90.9090909090909, "percent_statements_covered_display": "91"}, "missing_lines": [46, 47], "excluded_lines": [], "start_line": 12}, "load_persona": {"executed_lines": [56, 57, 58, 59, 60, 61], "summary": {"covered_lines": 6, "num_statements": 6, "percent_covered": 100.0, "percent_covered_display": "100", "missing_lines": 0, "excluded_lines": 0, "percent_statements_covered": 100.0, "percent_statements_covered_display": "100"}, "missing_lines": [], "excluded_lines": [], "start_line": 54}, "load_util": {"executed_lines": [66, 67, 68, 69, 70, 71], "summary": {"covered_lines": 6, "num_statements": 6, "percent_covered": 100.0, "percent_covered_display": "100", "missing_lines": 0, "excluded_lines": 0, "percent_statements_covered": 100.0, "percent_statements_covered_display": "100"}, "missing_lines": [], "excluded_lines": [], "start_line": 64}, "": {"executed_lines": [1, 2, 3, 5, 7, 8, 9, 12, 54, 64], "summary": {"covered_lines": 10, "num_statements": 10, "percent_covered": 100.0, "percent_covered_display": "100", "missing_lines": 0, "excluded_lines": 0, "percent_statements_covered": 100.0, "percent_statements_covered_display": "100"}, "missing_lines": [], "excluded_lines": [], "start_line": 1}}, "classes": {"": {"executed_lines": [1, 2, 3, 5, 7, 8, 9, 12, 26, 27, 29, 31, 32, 33, 34, 35, 36, 37, 38, 39, 40, 41, 43, 44, 45, 48, 49, 51, 54, 56, 57, 58, 59, 60, 61, 64, 66, 67, 68, 69, 70, 71], "summary": {"covered_lines": 42, "num_statements": 44, "percent_covered": 95.45454545454545, "percent_covered_display": "95", "missing_lines": 2, "excluded_lines": 0, "percent_statements_covered": 95.45454545454545, "percent_statements_covered_display": "95"}, "missing_lines": [46, 47], "excluded_lines": [], "start_line": 1}}}, "src/cronyclaw/agent/input_types.py": {"executed_lines": [1, 2, 3, 6, 9, 10, 11, 12, 15, 18, 19, 22, 23, 33, 34, 35, 38, 39, 49, 50, 51, 54, 55, 65, 66, 67, 70, 73, 76, 77, 91, 92, 93, 94], "summary": {"covered_lines": 34, "num_statements": 34, "percent_covered": 100.0, "percent_covered_display": "100", "missing_lines": 0, "excluded_lines": 0, "percent_statements_covered": 100.0, "percent_statements_covered_display": "100"}, "missing_lines": [], "excluded_lines": [], "functions": {"": {"executed_lines": [1, 2, 3, 6, 9, 10, 11, 12, 15, 18, 19, 22, 23, 33, 34, 35, 38, 39, 49, 50, 51, 54, 55, 65, 66, 67, 70, 73, 76, 77, 91, 92, 93, 94], "summary": {"covered_lines": 34, "num_statements": 34, "percent_covered": 100.0, "percent_covered_display": "100", "missing_lines": 0, "excluded_lines": 0, "percent_statements_covered": 100.0, "percent_statements_covered_display": "100"}, "missing_lines": [], "excluded_lines": [], "start_line": 1}}, "classes": {"ImageSource": {"executed_lines": [], "summary": {"covered_lines": 0, "num_statements": 0, "percent_covered": 100.0, "percent_covered_display": "100", "missing_lines": 0, "excluded_lines": 0, "percent_statements_covered": 100.0, "percent_statements_covered_display": "100"}, "missing_lines": [], "excluded_lines": [], "start_line": 6}, "TextSource": {"executed_lines": [], "summary": {"covered_lines": 0, "num_statements": 0, "percent_covered": 100.0, "percent_covered_display": "100", "missing_lines": 0, "excluded_lines": 0, "percent_statements_covered": 100.0, "percent_statements_covered_display": "100"}, "missing_lines": [], "excluded_lines": [], "start_line": 15}, "ImageData": {"executed_lines": [], "summary": {"covered_lines": 0, "num_statements": 0, "percent_covered": 100.0, "percent_covered_display": "100", "missing_lines": 0, "excluded_lines": 0, "percent_statements_covered": 100.0, "percent_statements_covered_display": "100"}, "missing_lines": [], "excluded_lines": [], "start_line": 23}, "FileData": {"executed_lines": [], "summary": {"covered_lines": 0, "num_statements": 0, "percent_covered": 100.0, "percent_covered_display": "100", "missing_lines": 0, "excluded_lines": 0, "percent_statements_covered": 100.0, "percent_statements_covered_display": "100"}, "missing_lines": [], "excluded_lines": [], "start_line": 39}, "TextData": {"executed_lines": [], "summary": {"covered_lines": 0, "num_statements": 0, "percent_covered": 100.0, "percent_covered_display": "100", "missing_lines": 0, "excluded_lines": 0, "percent_statements_covered": 100.0, "percent_statements_covered_display": "100"}, "missing_lines": [], "excluded_lines": [], "start_line": 55}, "BaseInput": {"executed_lines": [], "summary": {"covered_lines": 0, "num_statements": 0, "percent_covered": 100.0, "percent_covered_display": "100", "missing_lines": 0, "excluded_lines": 0, "percent_statements_covered": 100.0, "percent_statements_covered_display": "100"}, "missing_lines": [], "excluded_lines": [], "start_line": 70}, "BatchInput": {"executed_lines": [], "summary": {"covered_lines": 0, "num_statements": 0, "percent_covered": 100.0, "percent_covered_display": "100", "missing_lines": 0, "excluded_lines": 0, "percent_statements_covered": 100.0, "percent_statements_covered_display": "100"}, "missing_lines": [], "excluded_lines": [], "start_line": 77}, "": {"executed_lines": [1, 2, 3, 6, 9, 10, 11, 12, 15, 18, 19, 22, 23, 33, 34, 35, 38, 39, 49, 50, 51, 54, 55, 65, 66, 67, 70, 73, 76, 77, 91, 92, 93, 94], "summary": {"covered_lines": 34, "num_statements": 34, "percent_covered": 100.0, "percent_covered_display": "100", "missing_lines": 0, "excluded_lines": 0, "percent_statements_covered": 100.0, "percent_statements_covered_display": "100"}, "missing_lines": [], "excluded_lines": [], "start_line": 1}}}, "src/cronyclaw/agent/output_types.py": {"executed_lines": [1, 2, 3, 6, 7, 10, 11, 12, 14, 16, 19, 22, 23, 28, 29, 32, 33, 34, 36, 38, 40, 42, 45, 46, 57, 58, 59, 61, 63, 66, 67, 70, 71, 72, 73, 75, 77], "summary": {"covered_lines": 37, "num_statements": 38, "percent_covered": 97.36842105263158, "percent_covered_display": "97", "missing_lines": 1, "excluded_lines": 0, "percent_statements_covered": 97.36842105263158, "percent_statements_covered_display": "97"}, "missing_lines": [25], "excluded_lines": [], "functions": {"Actions.to_dict": {"executed_lines": [16], "summary": {"covered_lines": 1, "num_statements": 1, "percent_covered": 100.0, "percent_covered_display": "100", "missing_lines": 0, "excluded_lines": 0, "percent_statements_covered": 100.0, "percent_statements_covered_display": "100"}, "missing_lines": [], "excluded_lines": [], "start_line": 14}, "BaseOutput.__aiter__": {"executed_lines": [], "summary": {"covered_lines": 0, "num_statements": 1, "percent_covered": 0.0, "percent_covered_display": "0", "missing_lines": 1, "excluded_lines": 0, "percent_statements_covered": 0.0, "percent_statements_covered_display": "0"}, "missing_lines": [25], "excluded_lines": [], "start_line": 23}, "DisplayText.to_dict": {"executed_lines": [38], "summary": {"covered_lines": 1, "num_statements": 1, "percent_covered": 100.0, "percent_covered_display": "100", "missing_lines": 0, "excluded_lines": 0, "percent_statements_covered": 100.0, "percent_statements_covered_display": "100"}, "missing_lines": [], "excluded_lines": [], "start_line": 36}, "DisplayText.__str__": {"executed_lines": [42], "summary": {"covered_lines": 1, "num_statements": 1, "percent_covered": 100.0, "percent_covered_display": "100", "missing_lines": 0, "excluded_lines": 0, "percent_statements_covered": 100.0, "percent_statements_covered_display": "100"}, "missing_lines": [], "excluded_lines": [], "start_line": 40}, "SentenceOutput.__aiter__": {"executed_lines": [63], "summary": {"covered_lines": 1, "num_statements": 1, "percent_covered": 100.0, "percent_covered_display": "100", "missing_lines": 0, "excluded_lines": 0, "percent_statements_covered": 100.0, "percent_statements_covered_display": "100"}, "missing_lines": [], "excluded_lines": [], "start_line": 61}, "AudioOutput.__aiter__": {"executed_lines": [77], "summary": {"covered_lines": 1, "num_statements": 1, "percent_covered": 100.0, "percent_covered_display": "100", "missing_lines": 0, "excluded_lines": 0, "percent_statements_covered": 100.0, "percent_statements_covered_display": "100"}, "missing_lines": [], "excluded_lines": [], "start_line": 75}, "": {"executed_lines": [1, 2, 3, 6, 7, 10, 11, 12, 14, 19, 22, 23, 28, 29, 32, 33, 34, 36, 40, 45, 46, 57, 58, 59, 61, 66, 67, 70, 71, 72, 73, 75], "summary": {"covered_lines": 32, "num_statements": 32, "percent_covered": 100.0, "percent_covered_display": "100", "missing_lines": 0, "excluded_lines": 0, "percent_statements_covered": 100.0, "percent_statements_covered_display": "100"}, "missing_lines": [], "excluded_lines": [], "start_line": 1}}, "classes": {"Actions": {"executed_lines": [16], "summary": {"covered_lines": 1, "num_statements": 1, "percent_covered": 100.0, "percent_covered_display": "100", "missing_lines": 0, "excluded_lines": 0, "percent_statements_covered": 100.0, "percent_statements_covered_display": "100"}, "missing_lines": [], "excluded_lines": [], "start_line": 7}, "BaseOutput": {"executed_lines": [], "summary": {"covered_lines": 0, "num_statements": 1, "percent_covered": 0.0, "percent_covered_display": "0", "missing_lines": 1, "excluded_lines": 0, "percent_statements_covered": 0.0, "percent_statements_covered_display": "0"}, "missing_lines": [25], "excluded_lines": [], "start_line": 19}, "DisplayText": {"executed_lines": [38, 42], "summary": {"covered_lines": 2, "num_statements": 2, "percent_covered": 100.0, "percent_covered_display": "100", "missing_lines": 0, "excluded_lines": 0, "percent_statements_covered": 100.0, "percent_statements_covered_display": "100"}, "missing_lines": [], "excluded_lines": [], "start_line": 29}, "SentenceOutput": {"executed_lines": [63], "summary": {"covered_lines": 1, "num_statements": 1, "percent_covered": 100.0, "percent_covered_display": "100", "missing_lines": 0, "excluded_lines": 0, "percent_statements_covered": 100.0, "percent_statements_covered_display": "100"}, "missing_lines": [], "excluded_lines": [], "start_line": 46}, "AudioOutput": {"executed_lines": [77], "summary": {"covered_lines": 1, "num_statements": 1, "percent_covered": 100.0, "percent_covered_display": "100", "missing_lines": 0, "excluded_lines": 0, "percent_statements_covered": 100.0, "percent_statements_covered_display": "100"}, "missing_lines": [], "excluded_lines": [], "start_line": 67}, "": {"executed_lines": [1, 2, 3, 6, 7, 10, 11, 12, 14, 19, 22, 23, 28, 29, 32, 33, 34, 36, 40, 45, 46, 57, 58, 59, 61, 66, 67, 70, 71, 72, 73, 75], "summary": {"covered_lines": 32, "num_statements": 32, "percent_covered": 100.0, "percent_covered_display": "100", "missing_lines": 0, "excluded_lines": 0, "percent_statements_covered": 100.0, "percent_statements_covered_display": "100"}, "missing_lines": [], "excluded_lines": [], "start_line": 1}}}, "src/cronyclaw/agent/stateless_llm/__init__.py": {"executed_lines": [], "summary": {"covered_lines": 0, "num_statements": 0, "percent_covered": 100.0, "percent_covered_display": "100", "missing_lines": 0, "excluded_lines": 0, "percent_statements_covered": 100.0, "percent_statements_covered_display": "100"}, "missing_lines": [], "excluded_lines": [], "functions": {"": {"executed_lines": [], "summary": {"covered_lines": 0, "num_statements": 0, "percent_covered": 100.0, "percent_covered_display": "100", "missing_lines": 0, "excluded_lines": 0, "percent_statements_covered": 100.0, "percent_statements_covered_display": "100"}, "missing_lines": [], "excluded_lines": [], "start_line": 1}}, "classes": {"": {"executed_lines": [], "summary": {"covered_lines": 0, "num_statements": 0, "percent_covered": 100.0, "percent_covered_display": "100", "missing_lines": 0, "excluded_lines": 0, "percent_statements_covered": 100.0, "percent_statements_covered_display": "100"}, "missing_lines": [], "excluded_lines": [], "start_line": 1}}}, "src/cronyclaw/agent/stateless_llm/claude_llm.py": {"executed_lines": [6, 7, 9, 10, 12, 15, 16, 32, 33, 36, 40, 41, 43, 46, 47, 48, 49, 50, 52, 54, 56, 58, 68, 69, 71, 78, 79, 82, 84], "summary": {"covered_lines": 29, "num_statements": 90, "percent_covered": 32.22222222222222, "percent_covered_display": "32", "missing_lines": 61, "excluded_lines": 0, "percent_statements_covered": 32.22222222222222, "percent_statements_covered_display": "32"}, "missing_lines": [74, 111, 113, 119, 120, 122, 129, 130, 132, 133, 134, 135, 139, 140, 143, 144, 145, 146, 152, 153, 156, 160, 161, 164, 165, 166, 167, 171, 172, 176, 179, 180, 184, 188, 189, 190, 193, 195, 196, 197, 201, 205, 206, 209, 215, 216, 217, 218, 221, 228, 229, 230, 232, 233, 234, 238, 239, 240, 242, 243, 246], "excluded_lines": [], "functions": {"AsyncLLM.__init__": {"executed_lines": [32, 33, 36, 40, 41], "summary": {"covered_lines": 5, "num_statements": 5, "percent_covered": 100.0, "percent_covered_display": "100", "missing_lines": 0, "excluded_lines": 0, "percent_statements_covered": 100.0, "percent_statements_covered_display": "100"}, "missing_lines": [], "excluded_lines": [], "start_line": 16}, "AsyncLLM._convert_message_format": {"executed_lines": [46, 47, 48, 49, 50, 52, 54, 56, 58, 68, 69, 71, 78, 79, 82], "summary": {"covered_lines": 15, "num_statements": 16, "percent_covered": 93.75, "percent_covered_display": "94", "missing_lines": 1, "excluded_lines": 0, "percent_statements_covered": 93.75, "percent_statements_covered_display": "94"}, "missing_lines": [74], "excluded_lines": [], "start_line": 43}, "AsyncLLM.chat_completion": {"executed_lines": [], "summary": {"covered_lines": 0, "num_statements": 60, "percent_covered": 0.0, "percent_covered_display": "0", "missing_lines": 60, "excluded_lines": 0, "percent_statements_covered": 0.0, "percent_statements_covered_display": "0"}, "missing_lines": [111, 113, 119, 120, 122, 129, 130, 132, 133, 134, 135, 139, 140, 143, 144, 145, 146, 152, 153, 156, 160, 161, 164, 165, 166, 167, 171, 172, 176, 179, 180, 184, 188, 189, 190, 193, 195, 196, 197, 201, 205, 206, 209, 215, 216, 217, 218, 221, 228, 229, 230, 232, 233, 234, 238, 239, 240, 242, 243, 246], "excluded_lines": [], "start_line": 84}, "": {"executed_lines": [6, 7, 9, 10, 12, 15, 16, 43, 84], "summary": {"covered_lines": 9, "num_statements": 9, "percent_covered": 100.0, "percent_covered_display": "100", "missing_lines": 0, "excluded_lines": 0, "percent_statements_covered": 100.0, "percent_statements_covered_display": "100"}, "missing_lines": [], "excluded_lines": [], "start_line": 1}}, "classes": {"AsyncLLM": {"executed_lines": [32, 33, 36, 40, 41, 46, 47, 48, 49, 50, 52, 54, 56, 58, 68, 69, 71, 78, 79, 82], "summary": {"covered_lines": 20, "num_statements": 81, "percent_covered": 24.691358024691358, "percent_covered_display": "25", "missing_lines": 61, "excluded_lines": 0, "percent_statements_covered": 24.691358024691358, "percent_statements_covered_display": "25"}, "missing_lines": [74, 111, 113, 119, 120, 122, 129, 130, 132, 133, 134, 135, 139, 140, 143, 144, 145, 146, 152, 153, 156, 160, 161, 164, 165, 166, 167, 171, 172, 176, 179, 180, 184, 188, 189, 190, 193, 195, 196, 197, 201, 205, 206, 209, 215, 216, 217, 218, 221, 228, 229, 230, 232, 233, 234, 238, 239, 240, 242, 243, 246], "excluded_lines": [], "start_line": 15}, "": {"executed_lines": [6, 7, 9, 10, 12, 15, 16, 43, 84], "summary": {"covered_lines": 9, "num_statements": 9, "percent_covered": 100.0, "percent_covered_display": "100", "missing_lines": 0, "excluded_lines": 0, "percent_statements_covered": 100.0, "percent_statements_covered_display": "100"}, "missing_lines": [], "excluded_lines": [], "start_line": 1}}}, "src/cronyclaw/agent/stateless_llm/llama_cpp_llm.py": {"executed_lines": [], "summary": {"covered_lines": 0, "num_statements": 29, "percent_covered": 0.0, "percent_covered_display": "0", "missing_lines": 29, "excluded_lines": 0, "percent_statements_covered": 0.0, "percent_statements_covered_display": "0"}, "missing_lines": [5, 6, 7, 8, 10, 13, 14, 26, 27, 28, 29, 30, 31, 32, 34, 47, 49, 51, 52, 53, 59, 68, 69, 70, 71, 72, 74, 75, 76], "excluded_lines": [], "functions": {"LLM.__init__": {"executed_lines": [], "summary": {"covered_lines": 0, "num_statements": 7, "percent_covered": 0.0, "percent_covered_display": "0", "missing_lines": 7, "excluded_lines": 0, "percent_statements_covered": 0.0, "percent_statements_covered_display": "0"}, "missing_lines": [26, 27, 28, 29, 30, 31, 32], "excluded_lines": [], "start_line": 14}, "LLM.chat_completion": {"executed_lines": [], "summary": {"covered_lines": 0, "num_statements": 14, "percent_covered": 0.0, "percent_covered_display": "0", "missing_lines": 14, "excluded_lines": 0, "percent_statements_covered": 0.0, "percent_statements_covered_display": "0"}, "missing_lines": [47, 49, 51, 52, 53, 59, 68, 69, 70, 71, 72, 74, 75, 76], "excluded_lines": [], "start_line": 34}, "": {"executed_lines": [], "summary": {"covered_lines": 0, "num_statements": 8, "percent_covered": 0.0, "percent_covered_display": "0", "missing_lines": 8, "excluded_lines": 0, "percent_statements_covered": 0.0, "percent_statements_covered_display": "0"}, "missing_lines": [5, 6, 7, 8, 10, 13, 14, 34], "excluded_lines": [], "start_line": 1}}, "classes": {"LLM": {"executed_lines": [], "summary": {"covered_lines": 0, "num_statements": 21, "percent_covered": 0.0, "percent_covered_display": "0", "missing_lines": 21, "excluded_lines": 0, "percent_statements_covered": 0.0, "percent_statements_covered_display": "0"}, "missing_lines": [26, 27, 28, 29, 30, 31, 32, 47, 49, 51, 52, 53, 59, 68, 69, 70, 71, 72, 74, 75, 76], "excluded_lines": [], "start_line": 13}, "": {"executed_lines": [], "summary": {"covered_lines": 0, "num_statements": 8, "percent_covered": 0.0, "percent_covered_display": "0", "missing_lines": 8, "excluded_lines": 0, "percent_statements_covered": 0.0, "percent_statements_covered_display": "0"}, "missing_lines": [5, 6, 7, 8, 10, 13, 14, 34], "excluded_lines": [], "start_line": 1}}}, "src/cronyclaw/agent/stateless_llm/ollama_llm.py": {"executed_lines": [1, 2, 3, 4, 7, 8, 19, 20, 21, 22, 30, 32, 34, 51, 52, 54, 56, 58, 60, 61, 64, 73], "summary": {"covered_lines": 22, "num_statements": 27, "percent_covered": 81.48148148148148, "percent_covered_display": "81", "missing_lines": 5, "excluded_lines": 0, "percent_statements_covered": 81.48148148148148, "percent_statements_covered_display": "81"}, "missing_lines": [43, 44, 45, 48, 49], "excluded_lines": [], "functions": {"OllamaLLM.__init__": {"executed_lines": [19, 20, 21, 22, 30, 32, 34, 51, 52], "summary": {"covered_lines": 9, "num_statements": 14, "percent_covered": 64.28571428571429, "percent_covered_display": "64", "missing_lines": 5, "excluded_lines": 0, "percent_statements_covered": 64.28571428571429, "percent_statements_covered_display": "64"}, "missing_lines": [43, 44, 45, 48, 49], "excluded_lines": [], "start_line": 8}, "OllamaLLM.__del__": {"executed_lines": [56], "summary": {"covered_lines": 1, "num_statements": 1, "percent_covered": 100.0, "percent_covered_display": "100", "missing_lines": 0, "excluded_lines": 0, "percent_statements_covered": 100.0, "percent_statements_covered_display": "100"}, "missing_lines": [], "excluded_lines": [], "start_line": 54}, "OllamaLLM.cleanup": {"executed_lines": [60, 61, 64, 73], "summary": {"covered_lines": 4, "num_statements": 4, "percent_covered": 100.0, "percent_covered_display": "100", "missing_lines": 0, "excluded_lines": 0, "percent_statements_covered": 100.0, "percent_statements_covered_display": "100"}, "missing_lines": [], "excluded_lines": [], "start_line": 58}, "": {"executed_lines": [1, 2, 3, 4, 7, 8, 54, 58], "summary": {"covered_lines": 8, "num_statements": 8, "percent_covered": 100.0, "percent_covered_display": "100", "missing_lines": 0, "excluded_lines": 0, "percent_statements_covered": 100.0, "percent_statements_covered_display": "100"}, "missing_lines": [], "excluded_lines": [], "start_line": 1}}, "classes": {"OllamaLLM": {"executed_lines": [19, 20, 21, 22, 30, 32, 34, 51, 52, 56, 60, 61, 64, 73], "summary": {"covered_lines": 14, "num_statements": 19, "percent_covered": 73.6842105263158, "percent_covered_display": "74", "missing_lines": 5, "excluded_lines": 0, "percent_statements_covered": 73.6842105263158, "percent_statements_covered_display": "74"}, "missing_lines": [43, 44, 45, 48, 49], "excluded_lines": [], "start_line": 7}, "": {"executed_lines": [1, 2, 3, 4, 7, 8, 54, 58], "summary": {"covered_lines": 8, "num_statements": 8, "percent_covered": 100.0, "percent_covered_display": "100", "missing_lines": 0, "excluded_lines": 0, "percent_statements_covered": 100.0, "percent_statements_covered_display": "100"}, "missing_lines": [], "excluded_lines": [], "start_line": 1}}}, "src/cronyclaw/agent/stateless_llm/openai_compatible_llm.py": {"executed_lines": [6, 7, 16, 17, 18, 20, 21, 24, 25, 45, 46, 47, 48, 54, 56, 60, 83, 85, 86, 88, 90, 91, 92, 96, 98, 100, 109, 113, 114, 115, 120, 166, 181, 184, 186, 189, 230, 231, 232, 233], "summary": {"covered_lines": 40, "num_statements": 85, "percent_covered": 47.05882352941177, "percent_covered_display": "47", "missing_lines": 45, "excluded_lines": 0, "percent_statements_covered": 47.05882352941177, "percent_statements_covered_display": "47"}, "missing_lines": [121, 124, 126, 127, 132, 133, 141, 142, 143, 144, 147, 148, 152, 155, 159, 163, 167, 169, 172, 177, 178, 182, 183, 185, 190, 193, 198, 200, 201, 204, 206, 207, 210, 212, 213, 214, 215, 218, 219, 220, 221, 222, 223, 224, 225], "excluded_lines": [], "functions": {"AsyncLLM.__init__": {"executed_lines": [45, 46, 47, 48, 54, 56], "summary": {"covered_lines": 6, "num_statements": 6, "percent_covered": 100.0, "percent_covered_display": "100", "missing_lines": 0, "excluded_lines": 0, "percent_statements_covered": 100.0, "percent_statements_covered_display": "100"}, "missing_lines": [], "excluded_lines": [], "start_line": 25}, "AsyncLLM.chat_completion": {"executed_lines": [83, 85, 86, 88, 90, 91, 92, 96, 98, 100, 109, 113, 114, 115, 120, 166, 181, 184, 186, 189, 230, 231, 232, 233], "summary": {"covered_lines": 24, "num_statements": 69, "percent_covered": 34.78260869565217, "percent_covered_display": "35", "missing_lines": 45, "excluded_lines": 0, "percent_statements_covered": 34.78260869565217, "percent_statements_covered_display": "35"}, "missing_lines": [121, 124, 126, 127, 132, 133, 141, 142, 143, 144, 147, 148, 152, 155, 159, 163, 167, 169, 172, 177, 178, 182, 183, 185, 190, 193, 198, 200, 201, 204, 206, 207, 210, 212, 213, 214, 215, 218, 219, 220, 221, 222, 223, 224, 225], "excluded_lines": [], "start_line": 60}, "": {"executed_lines": [6, 7, 16, 17, 18, 20, 21, 24, 25, 60], "summary": {"covered_lines": 10, "num_statements": 10, "percent_covered": 100.0, "percent_covered_display": "100", "missing_lines": 0, "excluded_lines": 0, "percent_statements_covered": 100.0, "percent_statements_covered_display": "100"}, "missing_lines": [], "excluded_lines": [], "start_line": 1}}, "classes": {"AsyncLLM": {"executed_lines": [45, 46, 47, 48, 54, 56, 83, 85, 86, 88, 90, 91, 92, 96, 98, 100, 109, 113, 114, 115, 120, 166, 181, 184, 186, 189, 230, 231, 232, 233], "summary": {"covered_lines": 30, "num_statements": 75, "percent_covered": 40.0, "percent_covered_display": "40", "missing_lines": 45, "excluded_lines": 0, "percent_statements_covered": 40.0, "percent_statements_covered_display": "40"}, "missing_lines": [121, 124, 126, 127, 132, 133, 141, 142, 143, 144, 147, 148, 152, 155, 159, 163, 167, 169, 172, 177, 178, 182, 183, 185, 190, 193, 198, 200, 201, 204, 206, 207, 210, 212, 213, 214, 215, 218, 219, 220, 221, 222, 223, 224, 225], "excluded_lines": [], "start_line": 24}, "": {"executed_lines": [6, 7, 16, 17, 18, 20, 21, 24, 25, 60], "summary": {"covered_lines": 10, "num_statements": 10, "percent_covered": 100.0, "percent_covered_display": "100", "missing_lines": 0, "excluded_lines": 0, "percent_statements_covered": 100.0, "percent_statements_covered_display": "100"}, "missing_lines": [], "excluded_lines": [], "start_line": 1}}}, "src/cronyclaw/agent/stateless_llm/stateless_llm_interface.py": {"executed_lines": [1, 2, 5, 21, 22], "summary": {"covered_lines": 5, "num_statements": 6, "percent_covered": 83.33333333333333, "percent_covered_display": "83", "missing_lines": 1, "excluded_lines": 0, "percent_statements_covered": 83.33333333333333, "percent_statements_covered_display": "83"}, "missing_lines": [64], "excluded_lines": [], "functions": {"StatelessLLMInterface.chat_completion": {"executed_lines": [], "summary": {"covered_lines": 0, "num_statements": 1, "percent_covered": 0.0, "percent_covered_display": "0", "missing_lines": 1, "excluded_lines": 0, "percent_statements_covered": 0.0, "percent_statements_covered_display": "0"}, "missing_lines": [64], "excluded_lines": [], "start_line": 22}, "": {"executed_lines": [1, 2, 5, 21, 22], "summary": {"covered_lines": 5, "num_statements": 5, "percent_covered": 100.0, "percent_covered_display": "100", "missing_lines": 0, "excluded_lines": 0, "percent_statements_covered": 100.0, "percent_statements_covered_display": "100"}, "missing_lines": [], "excluded_lines": [], "start_line": 1}}, "classes": {"StatelessLLMInterface": {"executed_lines": [], "summary": {"covered_lines": 0, "num_statements": 1, "percent_covered": 0.0, "percent_covered_display": "0", "missing_lines": 1, "excluded_lines": 0, "percent_statements_covered": 0.0, "percent_statements_covered_display": "0"}, "missing_lines": [64], "excluded_lines": [], "start_line": 5}, "": {"executed_lines": [1, 2, 5, 21, 22], "summary": {"covered_lines": 5, "num_statements": 5, "percent_covered": 100.0, "percent_covered_display": "100", "missing_lines": 0, "excluded_lines": 0, "percent_statements_covered": 100.0, "percent_statements_covered_display": "100"}, "missing_lines": [], "excluded_lines": [], "start_line": 1}}}, "src/cronyclaw/agent/stateless_llm/stateless_llm_with_template.py": {"executed_lines": [7, 8, 9, 10, 11, 13, 16, 86, 87, 109, 110, 111, 112, 113, 114, 117, 121, 139, 140, 141, 142, 144, 145, 146, 150, 155, 160, 163, 164, 165, 166, 167, 168, 169, 170, 181, 186, 187, 188, 189, 190, 192, 193, 194, 195], "summary": {"covered_lines": 45, "num_statements": 55, "percent_covered": 81.81818181818181, "percent_covered_display": "82", "missing_lines": 10, "excluded_lines": 0, "percent_statements_covered": 81.81818181818181, "percent_statements_covered_display": "82"}, "missing_lines": [171, 172, 173, 174, 175, 176, 177, 182, 183, 184], "excluded_lines": [], "functions": {"AsyncLLMWithTemplate.__init__": {"executed_lines": [109, 110, 111, 112, 113, 114, 117], "summary": {"covered_lines": 7, "num_statements": 7, "percent_covered": 100.0, "percent_covered_display": "100", "missing_lines": 0, "excluded_lines": 0, "percent_statements_covered": 100.0, "percent_statements_covered_display": "100"}, "missing_lines": [], "excluded_lines": [], "start_line": 87}, "AsyncLLMWithTemplate.chat_completion": {"executed_lines": [139, 140, 141, 142, 144, 145, 146, 150, 155, 160, 163, 164, 165, 166, 167, 168, 169, 170, 181], "summary": {"covered_lines": 19, "num_statements": 29, "percent_covered": 65.51724137931035, "percent_covered_display": "66", "missing_lines": 10, "excluded_lines": 0, "percent_statements_covered": 65.51724137931035, "percent_statements_covered_display": "66"}, "missing_lines": [171, 172, 173, 174, 175, 176, 177, 182, 183, 184], "excluded_lines": [], "start_line": 121}, "AsyncLLMWithTemplate._clean_raw_bytes": {"executed_lines": [187, 188, 189, 190], "summary": {"covered_lines": 4, "num_statements": 4, "percent_covered": 100.0, "percent_covered_display": "100", "missing_lines": 0, "excluded_lines": 0, "percent_statements_covered": 100.0, "percent_statements_covered_display": "100"}, "missing_lines": [], "excluded_lines": [], "start_line": 186}, "AsyncLLMWithTemplate._process_line": {"executed_lines": [193, 194, 195], "summary": {"covered_lines": 3, "num_statements": 3, "percent_covered": 100.0, "percent_covered_display": "100", "missing_lines": 0, "excluded_lines": 0, "percent_statements_covered": 100.0, "percent_statements_covered_display": "100"}, "missing_lines": [], "excluded_lines": [], "start_line": 192}, "": {"executed_lines": [7, 8, 9, 10, 11, 13, 16, 86, 87, 121, 186, 192], "summary": {"covered_lines": 12, "num_statements": 12, "percent_covered": 100.0, "percent_covered_display": "100", "missing_lines": 0, "excluded_lines": 0, "percent_statements_covered": 100.0, "percent_statements_covered_display": "100"}, "missing_lines": [], "excluded_lines": [], "start_line": 1}}, "classes": {"AsyncLLMWithTemplate": {"executed_lines": [109, 110, 111, 112, 113, 114, 117, 139, 140, 141, 142, 144, 145, 146, 150, 155, 160, 163, 164, 165, 166, 167, 168, 169, 170, 181, 187, 188, 189, 190, 193, 194, 195], "summary": {"covered_lines": 33, "num_statements": 43, "percent_covered": 76.74418604651163, "percent_covered_display": "77", "missing_lines": 10, "excluded_lines": 0, "percent_statements_covered": 76.74418604651163, "percent_statements_covered_display": "77"}, "missing_lines": [171, 172, 173, 174, 175, 176, 177, 182, 183, 184], "excluded_lines": [], "start_line": 86}, "": {"executed_lines": [7, 8, 9, 10, 11, 13, 16, 86, 87, 121, 186, 192], "summary": {"covered_lines": 12, "num_statements": 12, "percent_covered": 100.0, "percent_covered_display": "100", "missing_lines": 0, "excluded_lines": 0, "percent_statements_covered": 100.0, "percent_statements_covered_display": "100"}, "missing_lines": [], "excluded_lines": [], "start_line": 1}}}, "src/cronyclaw/agent/stateless_llm_factory.py": {"executed_lines": [1, 3, 5, 6, 9, 10, 11, 14, 15, 16, 23, 25, 31, 39, 40, 48, 49, 60, 61, 68], "summary": {"covered_lines": 20, "num_statements": 20, "percent_covered": 100.0, "percent_covered_display": "100", "missing_lines": 0, "excluded_lines": 0, "percent_statements_covered": 100.0, "percent_statements_covered_display": "100"}, "missing_lines": [], "excluded_lines": [], "functions": {"LLMFactory.create_llm": {"executed_lines": [23, 25, 31, 39, 40, 48, 49, 60, 61, 68], "summary": {"covered_lines": 10, "num_statements": 10, "percent_covered": 100.0, "percent_covered_display": "100", "missing_lines": 0, "excluded_lines": 0, "percent_statements_covered": 100.0, "percent_statements_covered_display": "100"}, "missing_lines": [], "excluded_lines": [], "start_line": 16}, "": {"executed_lines": [1, 3, 5, 6, 9, 10, 11, 14, 15, 16], "summary": {"covered_lines": 10, "num_statements": 10, "percent_covered": 100.0, "percent_covered_display": "100", "missing_lines": 0, "excluded_lines": 0, "percent_statements_covered": 100.0, "percent_statements_covered_display": "100"}, "missing_lines": [], "excluded_lines": [], "start_line": 1}}, "classes": {"LLMFactory": {"executed_lines": [23, 25, 31, 39, 40, 48, 49, 60, 61, 68], "summary": {"covered_lines": 10, "num_statements": 10, "percent_covered": 100.0, "percent_covered_display": "100", "missing_lines": 0, "excluded_lines": 0, "percent_statements_covered": 100.0, "percent_statements_covered_display": "100"}, "missing_lines": [], "excluded_lines": [], "start_line": 14}, "": {"executed_lines": [1, 3, 5, 6, 9, 10, 11, 14, 15, 16], "summary": {"covered_lines": 10, "num_statements": 10, "percent_covered": 100.0, "percent_covered_display": "100", "missing_lines": 0, "excluded_lines": 0, "percent_statements_covered": 100.0, "percent_statements_covered_display": "100"}, "missing_lines": [], "excluded_lines": [], "start_line": 1}}}, "src/cronyclaw/agent/transformers.py": {"executed_lines": [1, 2, 3, 4, 5, 6, 7, 8, 9, 12, 26, 33, 34, 37, 42, 45, 46, 47, 50, 53, 55, 58, 63, 70, 71, 76, 77, 78, 79, 80, 82, 86, 87, 88, 89, 90, 91, 97, 99, 102, 107, 117, 118, 123, 125, 126, 131, 132, 134, 135, 136, 137, 138, 139, 141, 142, 143, 145, 151, 153, 156, 164, 174, 175, 178, 179, 181, 182, 187, 188, 189, 191, 200, 201, 203, 208, 210, 214, 216], "summary": {"covered_lines": 79, "num_statements": 84, "percent_covered": 94.04761904761905, "percent_covered_display": "94", "missing_lines": 5, "excluded_lines": 0, "percent_statements_covered": 94.04761904761905, "percent_statements_covered_display": "94"}, "missing_lines": [48, 49, 93, 147, 212], "excluded_lines": [], "functions": {"sentence_divider": {"executed_lines": [26, 33, 55], "summary": {"covered_lines": 3, "num_statements": 3, "percent_covered": 100.0, "percent_covered_display": "100", "missing_lines": 0, "excluded_lines": 0, "percent_statements_covered": 100.0, "percent_statements_covered_display": "100"}, "missing_lines": [], "excluded_lines": [], "start_line": 12}, "sentence_divider.decorator": {"executed_lines": [34, 53], "summary": {"covered_lines": 2, "num_statements": 2, "percent_covered": 100.0, "percent_covered_display": "100", "missing_lines": 0, "excluded_lines": 0, "percent_statements_covered": 100.0, "percent_statements_covered_display": "100"}, "missing_lines": [], "excluded_lines": [], "start_line": 26}, "sentence_divider.decorator.wrapper": {"executed_lines": [37, 42, 45, 46, 47, 50], "summary": {"covered_lines": 6, "num_statements": 8, "percent_covered": 75.0, "percent_covered_display": "75", "missing_lines": 2, "excluded_lines": 0, "percent_statements_covered": 75.0, "percent_statements_covered_display": "75"}, "missing_lines": [48, 49], "excluded_lines": [], "start_line": 34}, "actions_extractor": {"executed_lines": [63, 70, 99], "summary": {"covered_lines": 3, "num_statements": 3, "percent_covered": 100.0, "percent_covered_display": "100", "missing_lines": 0, "excluded_lines": 0, "percent_statements_covered": 100.0, "percent_statements_covered_display": "100"}, "missing_lines": [], "excluded_lines": [], "start_line": 58}, "actions_extractor.decorator": {"executed_lines": [71, 97], "summary": {"covered_lines": 2, "num_statements": 2, "percent_covered": 100.0, "percent_covered_display": "100", "missing_lines": 0, "excluded_lines": 0, "percent_statements_covered": 100.0, "percent_statements_covered_display": "100"}, "missing_lines": [], "excluded_lines": [], "start_line": 63}, "actions_extractor.decorator.wrapper": {"executed_lines": [76, 77, 78, 79, 80, 82, 86, 87, 88, 89, 90, 91], "summary": {"covered_lines": 12, "num_statements": 13, "percent_covered": 92.3076923076923, "percent_covered_display": "92", "missing_lines": 1, "excluded_lines": 0, "percent_statements_covered": 92.3076923076923, "percent_statements_covered_display": "92"}, "missing_lines": [93], "excluded_lines": [], "start_line": 71}, "display_processor": {"executed_lines": [107, 117, 153], "summary": {"covered_lines": 3, "num_statements": 3, "percent_covered": 100.0, "percent_covered_display": "100", "missing_lines": 0, "excluded_lines": 0, "percent_statements_covered": 100.0, "percent_statements_covered_display": "100"}, "missing_lines": [], "excluded_lines": [], "start_line": 102}, "display_processor.decorator": {"executed_lines": [118, 151], "summary": {"covered_lines": 2, "num_statements": 2, "percent_covered": 100.0, "percent_covered_display": "100", "missing_lines": 0, "excluded_lines": 0, "percent_statements_covered": 100.0, "percent_statements_covered_display": "100"}, "missing_lines": [], "excluded_lines": [], "start_line": 107}, "display_processor.decorator.wrapper": {"executed_lines": [123, 125, 126, 131, 132, 134, 135, 136, 137, 138, 139, 141, 142, 143, 145], "summary": {"covered_lines": 15, "num_statements": 16, "percent_covered": 93.75, "percent_covered_display": "94", "missing_lines": 1, "excluded_lines": 0, "percent_statements_covered": 93.75, "percent_statements_covered_display": "94"}, "missing_lines": [147], "excluded_lines": [], "start_line": 118}, "tts_filter": {"executed_lines": [164, 174, 216], "summary": {"covered_lines": 3, "num_statements": 3, "percent_covered": 100.0, "percent_covered_display": "100", "missing_lines": 0, "excluded_lines": 0, "percent_statements_covered": 100.0, "percent_statements_covered_display": "100"}, "missing_lines": [], "excluded_lines": [], "start_line": 156}, "tts_filter.decorator": {"executed_lines": [175, 214], "summary": {"covered_lines": 2, "num_statements": 2, "percent_covered": 100.0, "percent_covered_display": "100", "missing_lines": 0, "excluded_lines": 0, "percent_statements_covered": 100.0, "percent_statements_covered_display": "100"}, "missing_lines": [], "excluded_lines": [], "start_line": 164}, "tts_filter.decorator.wrapper": {"executed_lines": [178, 179, 181, 182, 187, 188, 189, 191, 200, 201, 203, 208, 210], "summary": {"covered_lines": 13, "num_statements": 14, "percent_covered": 92.85714285714286, "percent_covered_display": "93", "missing_lines": 1, "excluded_lines": 0, "percent_statements_covered": 92.85714285714286, "percent_statements_covered_display": "93"}, "missing_lines": [212], "excluded_lines": [], "start_line": 175}, "": {"executed_lines": [1, 2, 3, 4, 5, 6, 7, 8, 9, 12, 58, 102, 156], "summary": {"covered_lines": 13, "num_statements": 13, "percent_covered": 100.0, "percent_covered_display": "100", "missing_lines": 0, "excluded_lines": 0, "percent_statements_covered": 100.0, "percent_statements_covered_display": "100"}, "missing_lines": [], "excluded_lines": [], "start_line": 1}}, "classes": {"": {"executed_lines": [1, 2, 3, 4, 5, 6, 7, 8, 9, 12, 26, 33, 34, 37, 42, 45, 46, 47, 50, 53, 55, 58, 63, 70, 71, 76, 77, 78, 79, 80, 82, 86, 87, 88, 89, 90, 91, 97, 99, 102, 107, 117, 118, 123, 125, 126, 131, 132, 134, 135, 136, 137, 138, 139, 141, 142, 143, 145, 151, 153, 156, 164, 174, 175, 178, 179, 181, 182, 187, 188, 189, 191, 200, 201, 203, 208, 210, 214, 216], "summary": {"covered_lines": 79, "num_statements": 84, "percent_covered": 94.04761904761905, "percent_covered_display": "94", "missing_lines": 5, "excluded_lines": 0, "percent_statements_covered": 94.04761904761905, "percent_statements_covered_display": "94"}, "missing_lines": [48, 49, 93, 147, 212], "excluded_lines": [], "start_line": 1}}}, "src/cronyclaw/asr/__init__.py": {"executed_lines": [], "summary": {"covered_lines": 0, "num_statements": 0, "percent_covered": 100.0, "percent_covered_display": "100", "missing_lines": 0, "excluded_lines": 0, "percent_statements_covered": 100.0, "percent_statements_covered_display": "100"}, "missing_lines": [], "excluded_lines": [], "functions": {"": {"executed_lines": [], "summary": {"covered_lines": 0, "num_statements": 0, "percent_covered": 100.0, "percent_covered_display": "100", "missing_lines": 0, "excluded_lines": 0, "percent_statements_covered": 100.0, "percent_statements_covered_display": "100"}, "missing_lines": [], "excluded_lines": [], "start_line": 1}}, "classes": {"": {"executed_lines": [], "summary": {"covered_lines": 0, "num_statements": 0, "percent_covered": 100.0, "percent_covered_display": "100", "missing_lines": 0, "excluded_lines": 0, "percent_statements_covered": 100.0, "percent_statements_covered_display": "100"}, "missing_lines": [], "excluded_lines": [], "start_line": 1}}}, "src/cronyclaw/asr/asr_factory.py": {"executed_lines": [1, 2, 5, 6, 7, 8, 19, 33, 34, 36, 38], "summary": {"covered_lines": 11, "num_statements": 15, "percent_covered": 73.33333333333333, "percent_covered_display": "73", "missing_lines": 4, "excluded_lines": 0, "percent_statements_covered": 73.33333333333333, "percent_statements_covered_display": "73"}, "missing_lines": [9, 11, 20, 22], "excluded_lines": [], "functions": {"ASRFactory.get_asr_system": {"executed_lines": [8, 19, 33, 34, 36, 38], "summary": {"covered_lines": 6, "num_statements": 10, "percent_covered": 60.0, "percent_covered_display": "60", "missing_lines": 4, "excluded_lines": 0, "percent_statements_covered": 60.0, "percent_statements_covered_display": "60"}, "missing_lines": [9, 11, 20, 22], "excluded_lines": [], "start_line": 7}, "": {"executed_lines": [1, 2, 5, 6, 7], "summary": {"covered_lines": 5, "num_statements": 5, "percent_covered": 100.0, "percent_covered_display": "100", "missing_lines": 0, "excluded_lines": 0, "percent_statements_covered": 100.0, "percent_statements_covered_display": "100"}, "missing_lines": [], "excluded_lines": [], "start_line": 1}}, "classes": {"ASRFactory": {"executed_lines": [8, 19, 33, 34, 36, 38], "summary": {"covered_lines": 6, "num_statements": 10, "percent_covered": 60.0, "percent_covered_display": "60", "missing_lines": 4, "excluded_lines": 0, "percent_statements_covered": 60.0, "percent_statements_covered_display": "60"}, "missing_lines": [9, 11, 20, 22], "excluded_lines": [], "start_line": 5}, "": {"executed_lines": [1, 2, 5, 6, 7], "summary": {"covered_lines": 5, "num_statements": 5, "percent_covered": 100.0, "percent_covered_display": "100", "missing_lines": 0, "excluded_lines": 0, "percent_statements_covered": 100.0, "percent_statements_covered_display": "100"}, "missing_lines": [], "excluded_lines": [], "start_line": 1}}}, "src/cronyclaw/asr/asr_interface.py": {"executed_lines": [1, 2, 3, 6, 7, 8, 9, 11, 23, 24, 25, 27, 28, 36, 46, 49, 51, 53, 54, 55, 56, 57], "summary": {"covered_lines": 22, "num_statements": 23, "percent_covered": 95.65217391304348, "percent_covered_display": "96", "missing_lines": 1, "excluded_lines": 0, "percent_statements_covered": 95.65217391304348, "percent_statements_covered_display": "96"}, "missing_lines": [34], "excluded_lines": [], "functions": {"ASRInterface.async_transcribe_np": {"executed_lines": [23, 24, 25], "summary": {"covered_lines": 3, "num_statements": 3, "percent_covered": 100.0, "percent_covered_display": "100", "missing_lines": 0, "excluded_lines": 0, "percent_statements_covered": 100.0, "percent_statements_covered_display": "100"}, "missing_lines": [], "excluded_lines": [], "start_line": 11}, "ASRInterface.transcribe_np": {"executed_lines": [], "summary": {"covered_lines": 0, "num_statements": 1, "percent_covered": 0.0, "percent_covered_display": "0", "missing_lines": 1, "excluded_lines": 0, "percent_statements_covered": 0.0, "percent_statements_covered_display": "0"}, "missing_lines": [34], "excluded_lines": [], "start_line": 28}, "ASRInterface.nparray_to_audio_file": {"executed_lines": [46, 49, 51, 53, 54, 55, 56, 57], "summary": {"covered_lines": 8, "num_statements": 8, "percent_covered": 100.0, "percent_covered_display": "100", "missing_lines": 0, "excluded_lines": 0, "percent_statements_covered": 100.0, "percent_statements_covered_display": "100"}, "missing_lines": [], "excluded_lines": [], "start_line": 36}, "": {"executed_lines": [1, 2, 3, 6, 7, 8, 9, 11, 27, 28, 36], "summary": {"covered_lines": 11, "num_statements": 11, "percent_covered": 100.0, "percent_covered_display": "100", "missing_lines": 0, "excluded_lines": 0, "percent_statements_covered": 100.0, "percent_statements_covered_display": "100"}, "missing_lines": [], "excluded_lines": [], "start_line": 1}}, "classes": {"ASRInterface": {"executed_lines": [23, 24, 25, 46, 49, 51, 53, 54, 55, 56, 57], "summary": {"covered_lines": 11, "num_statements": 12, "percent_covered": 91.66666666666667, "percent_covered_display": "92", "missing_lines": 1, "excluded_lines": 0, "percent_statements_covered": 91.66666666666667, "percent_statements_covered_display": "92"}, "missing_lines": [34], "excluded_lines": [], "start_line": 6}, "": {"executed_lines": [1, 2, 3, 6, 7, 8, 9, 11, 27, 28, 36], "summary": {"covered_lines": 11, "num_statements": 11, "percent_covered": 100.0, "percent_covered_display": "100", "missing_lines": 0, "excluded_lines": 0, "percent_statements_covered": 100.0, "percent_statements_covered_display": "100"}, "missing_lines": [], "excluded_lines": [], "start_line": 1}}}, "src/cronyclaw/asr/faster_whisper_asr.py": {"executed_lines": [], "summary": {"covered_lines": 0, "num_statements": 18, "percent_covered": 0.0, "percent_covered_display": "0", "missing_lines": 18, "excluded_lines": 0, "percent_statements_covered": 0.0, "percent_statements_covered_display": "0"}, "missing_lines": [1, 2, 3, 6, 7, 10, 19, 20, 21, 22, 29, 30, 31, 39, 45, 47, 48, 50], "excluded_lines": [], "functions": {"VoiceRecognition.__init__": {"executed_lines": [], "summary": {"covered_lines": 0, "num_statements": 4, "percent_covered": 0.0, "percent_covered_display": "0", "missing_lines": 4, "excluded_lines": 0, "percent_statements_covered": 0.0, "percent_statements_covered_display": "0"}, "missing_lines": [19, 20, 21, 22], "excluded_lines": [], "start_line": 10}, "VoiceRecognition.transcribe_np": {"executed_lines": [], "summary": {"covered_lines": 0, "num_statements": 7, "percent_covered": 0.0, "percent_covered_display": "0", "missing_lines": 7, "excluded_lines": 0, "percent_statements_covered": 0.0, "percent_statements_covered_display": "0"}, "missing_lines": [30, 31, 39, 45, 47, 48, 50], "excluded_lines": [], "start_line": 29}, "": {"executed_lines": [], "summary": {"covered_lines": 0, "num_statements": 7, "percent_covered": 0.0, "percent_covered_display": "0", "missing_lines": 7, "excluded_lines": 0, "percent_statements_covered": 0.0, "percent_statements_covered_display": "0"}, "missing_lines": [1, 2, 3, 6, 7, 10, 29], "excluded_lines": [], "start_line": 1}}, "classes": {"VoiceRecognition": {"executed_lines": [], "summary": {"covered_lines": 0, "num_statements": 11, "percent_covered": 0.0, "percent_covered_display": "0", "missing_lines": 11, "excluded_lines": 0, "percent_statements_covered": 0.0, "percent_statements_covered_display": "0"}, "missing_lines": [19, 20, 21, 22, 30, 31, 39, 45, 47, 48, 50], "excluded_lines": [], "start_line": 6}, "": {"executed_lines": [], "summary": {"covered_lines": 0, "num_statements": 7, "percent_covered": 0.0, "percent_covered_display": "0", "missing_lines": 7, "excluded_lines": 0, "percent_statements_covered": 0.0, "percent_statements_covered_display": "0"}, "missing_lines": [1, 2, 3, 6, 7, 10, 29], "excluded_lines": [], "start_line": 1}}}, "src/cronyclaw/asr/fun_asr.py": {"executed_lines": [], "summary": {"covered_lines": 0, "num_statements": 52, "percent_covered": 0.0, "percent_covered_display": "0", "missing_lines": 52, "excluded_lines": 0, "percent_statements_covered": 0.0, "percent_statements_covered_display": "0"}, "missing_lines": [1, 2, 3, 4, 5, 6, 7, 8, 9, 12, 13, 15, 16, 17, 18, 21, 39, 40, 54, 55, 56, 60, 70, 71, 72, 74, 81, 82, 85, 86, 89, 90, 91, 92, 93, 95, 97, 98, 99, 101, 103,
[...]
0.0, "percent_covered_display": "100", "missing_lines": 0, "excluded_lines": 0, "percent_statements_covered": 100.0, "percent_statements_covered_display": "100"}, "missing_lines": [], "excluded_lines": [], "functions": {"VADFactory.get_vad_engine": {"executed_lines": [8, 9, 10, 11, 13], "summary": {"covered_lines": 5, "num_statements": 5, "percent_covered": 100.0, "percent_covered_display": "100", "missing_lines": 0, "excluded_lines": 0, "percent_statements_covered": 100.0, "percent_statements_covered_display": "100"}, "missing_lines": [], "excluded_lines": [], "start_line": 7}, "": {"executed_lines": [1, 2, 5, 6, 7], "summary": {"covered_lines": 5, "num_statements": 5, "percent_covered": 100.0, "percent_covered_display": "100", "missing_lines": 0, "excluded_lines": 0, "percent_statements_covered": 100.0, "percent_statements_covered_display": "100"}, "missing_lines": [], "excluded_lines": [], "start_line": 1}}, "classes": {"VADFactory": {"executed_lines": [8, 9, 10, 11, 13], "summary": {"covered_lines": 5, "num_statements": 5, "percent_covered": 100.0, "percent_covered_display": "100", "missing_lines": 0, "excluded_lines": 0, "percent_statements_covered": 100.0, "percent_statements_covered_display": "100"}, "missing_lines": [], "excluded_lines": [], "start_line": 5}, "": {"executed_lines": [1, 2, 5, 6, 7], "summary": {"covered_lines": 5, "num_statements": 5, "percent_covered": 100.0, "percent_covered_display": "100", "missing_lines": 0, "excluded_lines": 0, "percent_statements_covered": 100.0, "percent_statements_covered_display": "100"}, "missing_lines": [], "excluded_lines": [], "start_line": 1}}}, "src/cronyclaw/vad/vad_interface.py": {"executed_lines": [1, 4, 5, 6], "summary": {"covered_lines": 4, "num_statements": 5, "percent_covered": 80.0, "percent_covered_display": "80", "missing_lines": 1, "excluded_lines": 0, "percent_statements_covered": 80.0, "percent_statements_covered_display": "80"}, "missing_lines": [12], "excluded_lines": [], "functions": {"VADInterface.detect_speech": {"executed_lines": [], "summary": {"covered_lines": 0, "num_statements": 1, "percent_covered": 0.0, "percent_covered_display": "0", "missing_lines": 1, "excluded_lines": 0, "percent_statements_covered": 0.0, "percent_statements_covered_display": "0"}, "missing_lines": [12], "excluded_lines": [], "start_line": 6}, "": {"executed_lines": [1, 4, 5, 6], "summary": {"covered_lines": 4, "num_statements": 4, "percent_covered": 100.0, "percent_covered_display": "100", "missing_lines": 0, "excluded_lines": 0, "percent_statements_covered": 100.0, "percent_statements_covered_display": "100"}, "missing_lines": [], "excluded_lines": [], "start_line": 1}}, "classes": {"VADInterface": {"executed_lines": [], "summary": {"covered_lines": 0, "num_statements": 1, "percent_covered": 0.0, "percent_covered_display": "0", "missing_lines": 1, "excluded_lines": 0, "percent_statements_covered": 0.0, "percent_statements_covered_display": "0"}, "missing_lines": [12], "excluded_lines": [], "start_line": 4}, "": {"executed_lines": [1, 4, 5, 6], "summary": {"covered_lines": 4, "num_statements": 4, "percent_covered": 100.0, "percent_covered_display": "100", "missing_lines": 0, "excluded_lines": 0, "percent_statements_covered": 100.0, "percent_statements_covered_display": "100"}, "missing_lines": [], "excluded_lines": [], "start_line": 1}}}, "src/cronyclaw/websocket_handler.py": {"executed_lines": [1, 2, 3, 4, 5, 6, 7, 9, 10, 16, 17, 18, 24, 25, 32, 35, 36, 42, 43, 44, 45, 48, 51, 52, 53, 54, 55, 56, 57, 58, 59, 60, 63, 66, 68, 69, 70, 71, 72, 73, 75, 77, 79, 102, 137, 151, 177, 203, 238, 249, 250, 251, 252, 254, 255, 258, 259, 261, 279, 317, 332, 343, 345, 346, 358, 368, 393, 403, 431, 452, 477, 481, 482, 483, 488, 511, 529, 539, 548, 557, 577, 581, 583, 603, 607, 608, 612, 615, 616, 617, 619, 620, 630, 631, 632, 633, 634, 637, 643, 645, 647], "summary": {"covered_lines": 101, "num_statements": 246, "percent_covered": 41.05691056910569, "percent_covered_display": "41", "missing_lines": 145, "excluded_lines": 0, "percent_statements_covered": 41.05691056910569, "percent_statements_covered_display": "41"}, "missing_lines": [115, 116, 120, 124, 128, 130, 131, 134, 135, 144, 145, 146, 148, 149, 158, 162, 174, 175, 181, 182, 201, 213, 214, 215, 216, 217, 218, 219, 220, 221, 222, 223, 224, 225, 226, 229, 231, 232, 233, 234, 235, 236, 256, 265, 266, 270, 281, 282, 283, 292, 300, 301, 302, 303, 304, 305, 306, 307, 310, 311, 312, 314, 315, 319, 320, 321, 322, 324, 325, 326, 327, 328, 330, 336, 347, 348, 372, 373, 374, 376, 377, 386, 397, 398, 399, 407, 408, 409, 411, 413, 414, 419, 427, 435, 436, 437, 438, 439, 443, 456, 457, 458, 460, 461, 465, 474, 475, 492, 493, 494, 495, 496, 497, 500, 501, 502, 503, 507, 515, 533, 534, 535, 543, 544, 545, 546, 552, 553, 563, 564, 565, 566, 567, 573, 587, 588, 589, 591, 609, 610, 638, 639, 642, 644, 650], "excluded_lines": [], "functions": {"WebSocketHandler.__init__": {"executed_lines": [68, 69, 70, 71, 72, 73, 75], "summary": {"covered_lines": 7, "num_statements": 7, "percent_covered": 100.0, "percent_covered_display": "100", "missing_lines": 0, "excluded_lines": 0, "percent_statements_covered": 100.0, "percent_statements_covered_display": "100"}, "missing_lines": [], "excluded_lines": [], "start_line": 66}, "WebSocketHandler._init_message_handlers": {"executed_lines": [79], "summary": {"covered_lines": 1, "num_statements": 1, "percent_covered": 100.0, "percent_covered_display": "100", "missing_lines": 0, "excluded_lines": 0, "percent_statements_covered": 100.0, "percent_statements_covered_display": "100"}, "missing_lines": [], "excluded_lines": [], "start_line": 77}, "WebSocketHandler.handle_new_connection": {"executed_lines": [], "summary": {"covered_lines": 0, "num_statements": 9, "percent_covered": 0.0, "percent_covered_display": "0", "missing_lines": 9, "excluded_lines": 0, "percent_statements_covered": 0.0, "percent_statements_covered_display": "0"}, "missing_lines": [115, 116, 120, 124, 128, 130, 131, 134, 135], "excluded_lines": [], "start_line": 102}, "WebSocketHandler._store_client_data": {"executed_lines": [], "summary": {"covered_lines": 0, "num_statements": 5, "percent_covered": 0.0, "percent_covered_display": "0", "missing_lines": 5, "excluded_lines": 0, "percent_statements_covered": 0.0, "percent_statements_covered_display": "0"}, "missing_lines": [144, 145, 146, 148, 149], "excluded_lines": [], "start_line": 137}, "WebSocketHandler._send_initial_messages": {"executed_lines": [], "summary": {"covered_lines": 0, "num_statements": 4, "percent_covered": 0.0, "percent_covered_display": "0", "missing_lines": 4, "excluded_lines": 0, "percent_statements_covered": 0.0, "percent_statements_covered_display": "0"}, "missing_lines": [158, 162, 174, 175], "excluded_lines": [], "start_line": 151}, "WebSocketHandler._init_service_context": {"executed_lines": [], "summary": {"covered_lines": 0, "num_statements": 3, "percent_covered": 0.0, "percent_covered_display": "0", "missing_lines": 3, "excluded_lines": 0, "percent_statements_covered": 0.0, "percent_statements_covered_display": "0"}, "missing_lines": [181, 182, 201], "excluded_lines": [], "start_line": 177}, "WebSocketHandler.handle_websocket_communication": {"executed_lines": [], "summary": {"covered_lines": 0, "num_statements": 21, "percent_covered": 0.0, "percent_covered_display": "0", "missing_lines": 21, "excluded_lines": 0, "percent_statements_covered": 0.0, "percent_statements_covered_display": "0"}, "missing_lines": [213, 214, 215, 216, 217, 218, 219, 220, 221, 222, 223, 224, 225, 226, 229, 231, 232, 233, 234, 235, 236], "excluded_lines": [], "start_line": 203}, "WebSocketHandler._route_message": {"executed_lines": [249, 250, 251, 252, 254, 255, 258, 259], "summary": {"covered_lines": 8, "num_statements": 9, "percent_covered": 88.88888888888889, "percent_covered_display": "89", "missing_lines": 1, "excluded_lines": 0, "percent_statements_covered": 88.88888888888889, "percent_statements_covered_display": "89"}, "missing_lines": [256], "excluded_lines": [], "start_line": 238}, "WebSocketHandler._handle_group_operation": {"executed_lines": [], "summary": {"covered_lines": 0, "num_statements": 3, "percent_covered": 0.0, "percent_covered_display": "0", "missing_lines": 3, "excluded_lines": 0, "percent_statements_covered": 0.0, "percent_statements_covered_display": "0"}, "missing_lines": [265, 266, 270], "excluded_lines": [], "start_line": 261}, "WebSocketHandler.handle_disconnect": {"executed_lines": [], "summary": {"covered_lines": 0, "num_statements": 17, "percent_covered": 0.0, "percent_covered_display": "0", "missing_lines": 17, "excluded_lines": 0, "percent_statements_covered": 0.0, "percent_statements_covered_display": "0"}, "missing_lines": [281, 282, 283, 292, 300, 301, 302, 303, 304, 305, 306, 307, 310, 311, 312, 314, 315], "excluded_lines": [], "start_line": 279}, "WebSocketHandler._cleanup_failed_connection": {"executed_lines": [], "summary": {"covered_lines": 0, "num_statements": 10, "percent_covered": 0.0, "percent_covered_display": "0", "missing_lines": 10, "excluded_lines": 0, "percent_statements_covered": 0.0, "percent_statements_covered_display": "0"}, "missing_lines": [319, 320, 321, 322, 324, 325, 326, 327, 328, 330], "excluded_lines": [], "start_line": 317}, "WebSocketHandler.broadcast_to_group": {"executed_lines": [], "summary": {"covered_lines": 0, "num_statements": 1, "percent_covered": 0.0, "percent_covered_display": "0", "missing_lines": 1, "excluded_lines": 0, "percent_statements_covered": 0.0, "percent_statements_covered_display": "0"}, "missing_lines": [336], "excluded_lines": [], "start_line": 332}, "WebSocketHandler.send_group_update": {"executed_lines": [345, 346, 358], "summary": {"covered_lines": 3, "num_statements": 5, "percent_covered": 60.0, "percent_covered_display": "60", "missing_lines": 2, "excluded_lines": 0, "percent_statements_covered": 60.0, "percent_statements_covered_display": "60"}, "missing_lines": [347, 348], "excluded_lines": [], "start_line": 343}, "WebSocketHandler._handle_interrupt": {"executed_lines": [], "summary": {"covered_lines": 0, "num_statements": 6, "percent_covered": 0.0, "percent_covered_display": "0", "missing_lines": 6, "excluded_lines": 0, "percent_statements_covered": 0.0, "percent_statements_covered_display": "0"}, "missing_lines": [372, 373, 374, 376, 377, 386], "excluded_lines": [], "start_line": 368}, "WebSocketHandler._handle_history_list_request": {"executed_lines": [], "summary": {"covered_lines": 0, "num_statements": 3, "percent_covered": 0.0, "percent_covered_display": "0", "missing_lines": 3, "excluded_lines": 0, "percent_statements_covered": 0.0, "percent_statements_covered_display": "0"}, "missing_lines": [397, 398, 399], "excluded_lines": [], "start_line": 393}, "WebSocketHandler._handle_fetch_history": {"executed_lines": [], "summary": {"covered_lines": 0, "num_statements": 8, "percent_covered": 0.0, "percent_covered_display": "0", "missing_lines": 8, "excluded_lines": 0, "percent_statements_covered": 0.0, "percent_statements_covered_display": "0"}, "missing_lines": [407, 408, 409, 411, 413, 414, 419, 427], "excluded_lines": [], "start_line": 403}, "WebSocketHandler._handle_create_history": {"executed_lines": [], "summary": {"covered_lines": 0, "num_statements": 6, "percent_covered": 0.0, "percent_covered_display": "0", "missing_lines": 6, "excluded_lines": 0, "percent_statements_covered": 0.0, "percent_statements_covered_display": "0"}, "missing_lines": [435, 436, 437, 438, 439, 443], "excluded_lines": [], "start_line": 431}, "WebSocketHandler._handle_delete_history": {"executed_lines": [], "summary": {"covered_lines": 0, "num_statements": 8, "percent_covered": 0.0, "percent_covered_display": "0", "missing_lines": 8, "excluded_lines": 0, "percent_statements_covered": 0.0, "percent_statements_covered_display": "0"}, "missing_lines": [456, 457, 458, 460, 461, 465, 474, 475], "excluded_lines": [], "start_line": 452}, "WebSocketHandler._handle_audio_data": {"executed_lines": [481, 482, 483], "summary": {"covered_lines": 3, "num_statements": 3, "percent_covered": 100.0, "percent_covered_display": "100", "missing_lines": 0, "excluded_lines": 0, "percent_statements_covered": 100.0, "percent_statements_covered_display": "100"}, "missing_lines": [], "excluded_lines": [], "start_line": 477}, "WebSocketHandler._handle_raw_audio_data": {"executed_lines": [], "summary": {"covered_lines": 0, "num_statements": 11, "percent_covered": 0.0, "percent_covered_display": "0", "missing_lines": 11, "excluded_lines": 0, "percent_statements_covered": 0.0, "percent_statements_covered_display": "0"}, "missing_lines": [492, 493, 494, 495, 496, 497, 500, 501, 502, 503, 507], "excluded_lines": [], "start_line": 488}, "WebSocketHandler._handle_conversation_trigger": {"executed_lines": [], "summary": {"covered_lines": 0, "num_statements": 1, "percent_covered": 0.0, "percent_covered_display": "0", "missing_lines": 1, "excluded_lines": 0, "percent_statements_covered": 0.0, "percent_statements_covered_display": "0"}, "missing_lines": [515], "excluded_lines": [], "start_line": 511}, "WebSocketHandler._handle_fetch_configs": {"executed_lines": [], "summary": {"covered_lines": 0, "num_statements": 3, "percent_covered": 0.0, "percent_covered_display": "0", "missing_lines": 3, "excluded_lines": 0, "percent_statements_covered": 0.0, "percent_statements_covered_display": "0"}, "missing_lines": [533, 534, 535], "excluded_lines": [], "start_line": 529}, "WebSocketHandler._handle_config_switch": {"executed_lines": [], "summary": {"covered_lines": 0, "num_statements": 4, "percent_covered": 0.0, "percent_covered_display": "0", "missing_lines": 4, "excluded_lines": 0, "percent_statements_covered": 0.0, "percent_statements_covered_display": "0"}, "missing_lines": [543, 544, 545, 546], "excluded_lines": [], "start_line": 539}, "WebSocketHandler._handle_fetch_backgrounds": {"executed_lines": [], "summary": {"covered_lines": 0, "num_statements": 2, "percent_covered": 0.0, "percent_covered_display": "0", "missing_lines": 2, "excluded_lines": 0, "percent_statements_covered": 0.0, "percent_statements_covered_display": "0"}, "missing_lines": [552, 553], "excluded_lines": [], "start_line": 548}, "WebSocketHandler._handle_audio_play_start": {"executed_lines": [], "summary": {"covered_lines": 0, "num_statements": 6, "percent_covered": 0.0, "percent_covered_display": "0", "missing_lines": 6, "excluded_lines": 0, "percent_statements_covered": 0.0, "percent_statements_covered_display": "0"}, "missing_lines": [563, 564, 565, 566, 567, 573], "excluded_lines": [], "start_line": 557}, "WebSocketHandler._handle_group_info": {"executed_lines": [581], "summary": {"covered_lines": 1, "num_statements": 1, "percent_covered": 100.0, "percent_covered_display": "100", "missing_lines": 0, "excluded_lines": 0, "percent_statements_covered": 100.0, "percent_statements_covered_display": "100"}, "missing_lines": [], "excluded_lines": [], "start_line": 577}, "WebSocketHandler._handle_init_config_request": {"executed_lines": [], "summary": {"covered_lines": 0, "num_statements": 4, "percent_covered": 0.0, "percent_covered_display": "0", "missing_lines": 4, "excluded_lines": 0, "percent_statements_covered": 0.0, "percent_statements_covered_display": "0"}, "missing_lines": [587, 588, 589, 591], "excluded_lines": [], "start_line": 583}, "WebSocketHandler._handle_heartbeat": {"executed_lines": [607, 608], "summary": {"covered_lines": 2, "num_statements": 4, "percent_covered": 50.0, "percent_covered_display": "50", "missing_lines": 2, "excluded_lines": 0, "percent_statements_covered": 50.0, "percent_statements_covered_display": "50"}, "missing_lines": [609, 610], "excluded_lines": [], "start_line": 603}, "WebSocketHandler.broadcast_external_notification": {"executed_lines": [615, 616, 617, 619, 620, 630, 631, 632, 633, 634, 637, 643, 645], "summary": {"covered_lines": 13, "num_statements": 17, "percent_covered": 76.47058823529412, "percent_covered_display": "76", "missing_lines": 4, "excluded_lines": 0, "percent_statements_covered": 76.47058823529412, "percent_statements_covered_display": "76"}, "missing_lines": [638, 639, 642, 644], "excluded_lines": [], "start_line": 612}, "WebSocketHandler._handle_cronyclaw_notify": {"executed_lines": [], "summary": {"covered_lines": 0, "num_statements": 1, "percent_covered": 0.0, "percent_covered_display": "0", "missing_lines": 1, "excluded_lines": 0, "percent_statements_covered": 0.0, "percent_statements_covered_display": "0"}, "missing_lines": [650], "excluded_lines": [], "start_line": 647}, "": {"executed_lines": [1, 2, 3, 4, 5, 6, 7, 9, 10, 16, 17, 18, 24, 25, 32, 35, 36, 42, 43, 44, 45, 48, 51, 52, 53, 54, 55, 56, 57, 58, 59, 60, 63, 66, 77, 102, 137, 151, 177, 203, 238, 261, 279, 317, 332, 343, 368, 393, 403, 431, 452, 477, 488, 511, 529, 539, 548, 557, 577, 583, 603, 612, 647], "summary": {"covered_lines": 63, "num_statements": 63, "percent_covered": 100.0, "percent_covered_display": "100", "missing_lines": 0, "excluded_lines": 0, "percent_statements_covered": 100.0, "percent_statements_covered_display": "100"}, "missing_lines": [], "excluded_lines": [], "start_line": 1}}, "classes": {"MessageType": {"executed_lines": [], "summary": {"covered_lines": 0, "num_statements": 0, "percent_covered": 100.0, "percent_covered_display": "100", "missing_lines": 0, "excluded_lines": 0, "percent_statements_covered": 100.0, "percent_statements_covered_display": "100"}, "missing_lines": [], "excluded_lines": [], "start_line": 32}, "WSMessage": {"executed_lines": [], "summary": {"covered_lines": 0, "num_statements": 0, "percent_covered": 100.0, "percent_covered_display": "100", "missing_lines": 0, "excluded_lines": 0, "percent_statements_covered": 100.0, "percent_statements_covered_display": "100"}, "missing_lines": [], "excluded_lines": [], "start_line": 48}, "WebSocketHandler": {"executed_lines": [68, 69, 70, 71, 72, 73, 75, 79, 249, 250, 251, 252, 254, 255, 258, 259, 345, 346, 358, 481, 482, 483, 581, 607, 608, 615, 616, 617, 619, 620, 630, 631, 632, 633, 634, 637, 643, 645], "summary": {"covered_lines": 38, "num_statements": 183, "percent_covered": 20.76502732240437, "percent_covered_display": "21", "missing_lines": 145, "excluded_lines": 0, "percent_statements_covered": 20.76502732240437, "percent_statements_covered_display": "21"}, "missing_lines": [115, 116, 120, 124, 128, 130, 131, 134, 135, 144, 145, 146, 148, 149, 158, 162, 174, 175, 181, 182, 201, 213, 214, 215, 216, 217, 218, 219, 220, 221, 222, 223, 224, 225, 226, 229, 231, 232, 233, 234, 235, 236, 256, 265, 266, 270, 281, 282, 283, 292, 300, 301, 302, 303, 304, 305, 306, 307, 310, 311, 312, 314, 315, 319, 320, 321, 322, 324, 325, 326, 327, 328, 330, 336, 347, 348, 372, 373, 374, 376, 377, 386, 397, 398, 399, 407, 408, 409, 411, 413, 414, 419, 427, 435, 436, 437, 438, 439, 443, 456, 457, 458, 460, 461, 465, 474, 475, 492, 493, 494, 495, 496, 497, 500, 501, 502, 503, 507, 515, 533, 534, 535, 543, 544, 545, 546, 552, 553, 563, 564, 565, 566, 567, 573, 587, 588, 589, 591, 609, 610, 638, 639, 642, 644, 650], "excluded_lines": [], "start_line": 63}, "": {"executed_lines": [1, 2, 3, 4, 5, 6, 7, 9, 10, 16, 17, 18, 24, 25, 32, 35, 36, 42, 43, 44, 45, 48, 51, 52, 53, 54, 55, 56, 57, 58, 59, 60, 63, 66, 77, 102, 137, 151, 177, 203, 238, 261, 279, 317, 332, 343, 368, 393, 403, 431, 452, 477, 488, 511, 529, 539, 548, 557, 577, 583, 603, 612, 647], "summary": {"covered_lines": 63, "num_statements": 63, "percent_covered": 100.0, "percent_covered_display": "100", "missing_lines": 0, "excluded_lines": 0, "percent_statements_covered": 100.0, "percent_statements_covered_display": "100"}, "missing_lines": [], "excluded_lines": [], "start_line": 1}}}}, "totals": {"covered_lines": 4295, "num_statements": 6020, "percent_covered": 71.34551495016612, "percent_covered_display": "71", "missing_lines": 1725, "excluded_lines": 0, "percent_statements_covered": 71.34551495016612, "percent_statements_covered_display": "71"}}